24.11.2020 07:59:06.751 - [eu.usrv.lootgames.LootGamesDungeonLogger][INFO] - == LootGames logger initialized ==
24.11.2020 08:07:13.057 - [eu.usrv.lootgames.LootGamesDungeonLogger][INFO] - PuzzleDungeon spawned at -104 99 -40 in Dimension 0
24.11.2020 08:07:21.770 - [eu.usrv.lootgames.LootGamesDungeonLogger][INFO] - PuzzleDungeon spawned at -168 58 -264 in Dimension 0
24.11.2020 08:08:59.762 - [eu.usrv.lootgames.LootGamesDungeonLogger][INFO] - PuzzleDungeon spawned at 104 56 -328 in Dimension 0
24.11.2020 08:10:21.274 - [eu.usrv.lootgames.LootGamesDungeonLogger][INFO] - PuzzleDungeon spawned at -376 53 -72 in Dimension 0
24.11.2020 08:13:21.901 - [eu.usrv.lootgames.LootGamesDungeonLogger][INFO] - PuzzleDungeon spawned at -264 70 120 in Dimension 0
24.11.2020 08:41:22.781 - [eu.usrv.lootgames.LootGamesDungeonLogger][INFO] - PuzzleDungeon spawned at -264 56 -392 in Dimension 0
25.11.2020 10:38:17.822 - [eu.usrv.lootgames.LootGamesDungeonLogger][INFO] - == LootGames logger initialized ==
25.11.2020 12:24:57.079 - [eu.usrv.lootgames.LootGamesDungeonLogger][INFO] - PuzzleDungeon spawned at 24 42 88 in Dimension 0
25.11.2020 01:57:21.724 - [eu.usrv.lootgames.LootGamesDungeonLogger][INFO] - == LootGames logger initialized ==
25.11.2020 04:42:36.655 - [eu.usrv.lootgames.LootGamesDungeonLogger][INFO] - == LootGames logger initialized ==
25.11.2020 05:02:09.633 - [eu.usrv.lootgames.LootGamesDungeonLogger][INFO] - PuzzleDungeon spawned at -232 48 216 in Dimension 0
26.11.2020 02:43:05.901 - [eu.usrv.lootgames.LootGamesDungeonLogger][INFO] - == LootGames logger initialized ==
26.11.2020 05:28:52.410 - [eu.usrv.lootgames.LootGamesDungeonLogger][INFO] - == LootGames logger initialized ==
26.11.2020 05:45:17.799 - [eu.usrv.lootgames.LootGamesDungeonLogger][INFO] - PuzzleDungeon spawned at -648 51 -120 in Dimension 0
26.11.2020 05:45:25.405 - [eu.usrv.lootgames.LootGamesDungeonLogger][INFO] - PuzzleDungeon spawned at -664 48 -296 in Dimension 0
26.11.2020 05:46:49.912 - [eu.usrv.lootgames.LootGamesDungeonLogger][INFO] - PuzzleDungeon spawned at -856 58 -104 in Dimension 0
26.11.2020 05:57:14.910 - [eu.usrv.lootgames.LootGamesDungeonLogger][INFO] - PuzzleDungeon spawned at -296 66 -472 in Dimension 0
26.11.2020 05:58:04.933 - [eu.usrv.lootgames.LootGamesDungeonLogger][INFO] - PuzzleDungeon spawned at -328 51 -552 in Dimension 0
27.11.2020 04:29:18.943 - [eu.usrv.lootgames.LootGamesDungeonLogger][INFO] - == LootGames logger initialized ==
27.11.2020 06:49:27.198 - [eu.usrv.lootgames.LootGamesDungeonLogger][INFO] - == LootGames logger initialized ==
28.11.2020 12:38:35.709 - [eu.usrv.lootgames.LootGamesDungeonLogger][INFO] - == LootGames logger initialized ==
28.11.2020 04:58:05.057 - [eu.usrv.lootgames.LootGamesDungeonLogger][INFO] - PuzzleDungeon spawned at 152 58 -168 in Dimension 0
28.11.2020 04:58:45.769 - [eu.usrv.lootgames.LootGamesDungeonLogger][INFO] - PuzzleDungeon spawned at 232 46 72 in Dimension 0
28.11.2020 05:30:05.123 - [eu.usrv.lootgames.LootGamesDungeonLogger][INFO] - PuzzleDungeon spawned at -600 58 216 in Dimension 0
28.11.2020 08:38:38.356 - [eu.usrv.lootgames.LootGamesDungeonLogger][INFO] - == LootGames logger initialized ==
29.11.2020 07:35:09.863 - [eu.usrv.lootgames.LootGamesDungeonLogger][INFO] - == LootGames logger initialized ==
29.11.2020 11:32:27.837 - [eu.usrv.lootgames.LootGamesDungeonLogger][INFO] - == LootGames logger initialized ==
29.11.2020 11:56:02.191 - [eu.usrv.lootgames.LootGamesDungeonLogger][INFO] - PuzzleDungeon spawned at -920 78 -264 in Dimension 0
29.11.2020 11:56:07.793 - [eu.usrv.lootgames.LootGamesDungeonLogger][INFO] - PuzzleDungeon spawned at -936 54 -344 in Dimension 0
29.11.2020 12:15:11.649 - [eu.usrv.lootgames.LootGamesDungeonLogger][INFO] - PuzzleDungeon spawned at 216 50 -648 in Dimension 0
29.11.2020 12:15:49.484 - [eu.usrv.lootgames.LootGamesDungeonLogger][INFO] - PuzzleDungeon spawned at 360 86 -456 in Dimension 0
29.11.2020 12:16:01.636 - [eu.usrv.lootgames.LootGamesDungeonLogger][INFO] - PuzzleDungeon spawned at 152 53 -792 in Dimension 0
29.11.2020 12:36:14.141 - [eu.usrv.lootgames.LootGamesDungeonLogger][INFO] - PuzzleDungeon spawned at -552 52 -616 in Dimension 0
29.11.2020 12:36:28.153 - [eu.usrv.lootgames.LootGamesDungeonLogger][INFO] - PuzzleDungeon spawned at -744 49 -632 in Dimension 0
29.11.2020 12:37:39.344 - [eu.usrv.lootgames.LootGamesDungeonLogger][INFO] - PuzzleDungeon spawned at -856 27 -664 in Dimension 0
29.11.2020 12:41:27.477 - [eu.usrv.lootgames.LootGamesDungeonLogger][INFO] - PuzzleDungeon spawned at -856 44 -776 in Dimension 0
29.11.2020 12:53:19.827 - [eu.usrv.lootgames.LootGamesDungeonLogger][INFO] - PuzzleDungeon spawned at -1032 59 -392 in Dimension 0
29.11.2020 12:55:28.134 - [eu.usrv.lootgames.LootGamesDungeonLogger][INFO] - PuzzleDungeon spawned at -1144 53 -72 in Dimension 0
29.11.2020 02:04:49.751 - [eu.usrv.lootgames.LootGamesDungeonLogger][INFO] - == LootGames logger initialized ==
29.11.2020 02:24:04.755 - [eu.usrv.lootgames.LootGamesDungeonLogger][INFO] - PuzzleDungeon spawned at -392 74 376 in Dimension 0
29.11.2020 02:26:51.908 - [eu.usrv.lootgames.LootGamesDungeonLogger][INFO] - PuzzleDungeon spawned at -344 61 536 in Dimension 0
29.11.2020 02:28:15.273 - [eu.usrv.lootgames.LootGamesDungeonLogger][INFO] - PuzzleDungeon spawned at -328 60 632 in Dimension 0
29.11.2020 02:28:55.998 - [eu.usrv.lootgames.LootGamesDungeonLogger][INFO] - PuzzleDungeon spawned at -88 61 408 in Dimension 0
29.11.2020 02:29:02.183 - [eu.usrv.lootgames.LootGamesDungeonLogger][INFO] - PuzzleDungeon spawned at -72 63 504 in Dimension 0
29.11.2020 06:52:22.618 - [eu.usrv.lootgames.LootGamesDungeonLogger][INFO] - == LootGames logger initialized ==
30.11.2020 10:59:30.078 - [eu.usrv.lootgames.LootGamesDungeonLogger][INFO] - == LootGames logger initialized ==
30.11.2020 06:20:47.070 - [eu.usrv.lootgames.LootGamesDungeonLogger][INFO] - == LootGames logger initialized ==
30.11.2020 07:52:38.429 - [eu.usrv.lootgames.LootGamesDungeonLogger][INFO] - == LootGames logger initialized ==
01.12.2020 01:03:27.254 - [eu.usrv.lootgames.LootGamesDungeonLogger][INFO] - == LootGames logger initialized ==
01.12.2020 03:40:47.630 - [eu.usrv.lootgames.LootGamesDungeonLogger][INFO] - == LootGames logger initialized ==
01.12.2020 07:14:08.947 - [eu.usrv.lootgames.LootGamesDungeonLogger][INFO] - == LootGames logger initialized ==
02.12.2020 08:10:57.250 - [eu.usrv.lootgames.LootGamesDungeonLogger][INFO] - == LootGames logger initialized ==
02.12.2020 08:35:18.004 - [eu.usrv.lootgames.LootGamesDungeonLogger][INFO] - PuzzleDungeon spawned at -344 53 -632 in Dimension 0
03.12.2020 12:22:56.288 - [eu.usrv.lootgames.LootGamesDungeonLogger][INFO] - == LootGames logger initialized ==
03.12.2020 02:16:28.804 - [eu.usrv.lootgames.LootGamesDungeonLogger][INFO] - == LootGames logger initialized ==
03.12.2020 05:58:08.709 - [eu.usrv.lootgames.LootGamesDungeonLogger][INFO] - == LootGames logger initialized ==
04.12.2020 09:24:58.612 - [eu.usrv.lootgames.LootGamesDungeonLogger][INFO] - == LootGames logger initialized ==
04.12.2020 03:49:27.885 - [eu.usrv.lootgames.LootGamesDungeonLogger][INFO] - == LootGames logger initialized ==
04.12.2020 05:29:25.844 - [eu.usrv.lootgames.LootGamesDungeonLogger][INFO] - == LootGames logger initialized ==
04.12.2020 05:48:36.947 - [eu.usrv.lootgames.LootGamesDungeonLogger][INFO] - PuzzleDungeon spawned at 232 49 168 in Dimension 0
04.12.2020 05:49:00.151 - [eu.usrv.lootgames.LootGamesDungeonLogger][INFO] - PuzzleDungeon spawned at 312 53 312 in Dimension 0
04.12.2020 05:49:54.653 - [eu.usrv.lootgames.LootGamesDungeonLogger][INFO] - PuzzleDungeon spawned at 408 51 440 in Dimension 0
04.12.2020 05:49:58.250 - [eu.usrv.lootgames.LootGamesDungeonLogger][INFO] - PuzzleDungeon spawned at 152 78 472 in Dimension 0
04.12.2020 05:50:43.783 - [eu.usrv.lootgames.LootGamesDungeonLogger][INFO] - PuzzleDungeon spawned at 216 54 616 in Dimension 0
04.12.2020 06:16:06.588 - [eu.usrv.lootgames.LootGamesDungeonLogger][INFO] - PuzzleDungeon spawned at 472 54 -776 in Dimension 0
04.12.2020 06:16:29.495 - [eu.usrv.lootgames.LootGamesDungeonLogger][INFO] - PuzzleDungeon spawned at 680 50 -792 in Dimension 0
04.12.2020 06:16:41.769 - [eu.usrv.lootgames.LootGamesDungeonLogger][INFO] - PuzzleDungeon spawned at 744 44 -456 in Dimension 0
04.12.2020 06:16:43.319 - [eu.usrv.lootgames.LootGamesDungeonLogger][INFO] - PuzzleDungeon spawned at 424 50 -840 in Dimension 0
04.12.2020 06:17:12.210 - [eu.usrv.lootgames.LootGamesDungeonLogger][INFO] - PuzzleDungeon spawned at 680 48 -968 in Dimension 0
04.12.2020 06:17:18.493 - [eu.usrv.lootgames.LootGamesDungeonLogger][INFO] - PuzzleDungeon spawned at 952 55 -744 in Dimension 0
04.12.2020 06:19:12.291 - [eu.usrv.lootgames.LootGamesDungeonLogger][INFO] - PuzzleDungeon spawned at 776 58 -1288 in Dimension 0
04.12.2020 06:19:18.895 - [eu.usrv.lootgames.LootGamesDungeonLogger][INFO] - PuzzleDungeon spawned at 1000 49 -1304 in Dimension 0
04.12.2020 06:22:23.347 - [eu.usrv.lootgames.LootGamesDungeonLogger][INFO] - PuzzleDungeon spawned at 616 56 -200 in Dimension 0
04.12.2020 06:22:28.160 - [eu.usrv.lootgames.LootGamesDungeonLogger][INFO] - PuzzleDungeon spawned at 360 63 -184 in Dimension 0
04.12.2020 06:23:14.989 - [eu.usrv.lootgames.LootGamesDungeonLogger][INFO] - PuzzleDungeon spawned at 504 45 120 in Dimension 0
05.12.2020 12:16:14.642 - [eu.usrv.lootgames.LootGamesDungeonLogger][INFO] - == LootGames logger initialized ==
05.12.2020 04:56:25.557 - [eu.usrv.lootgames.LootGamesDungeonLogger][INFO] - == LootGames logger initialized ==
06.12.2020 09:18:51.172 - [eu.usrv.lootgames.LootGamesDungeonLogger][INFO] - == LootGames logger initialized ==
06.12.2020 11:22:57.288 - [eu.usrv.lootgames.LootGamesDungeonLogger][INFO] - == LootGames logger initialized ==
16.12.2020 10:04:24.677 - [eu.usrv.lootgames.LootGamesDungeonLogger][INFO] - == LootGames logger initialized ==
16.12.2020 04:06:22.213 - [eu.usrv.lootgames.LootGamesDungeonLogger][INFO] - == LootGames logger initialized ==
17.12.2020 03:37:25.483 - [eu.usrv.lootgames.LootGamesDungeonLogger][INFO] - == LootGames logger initialized ==
17.12.2020 05:35:10.447 - [eu.usrv.lootgames.LootGamesDungeonLogger][INFO] - == LootGames logger initialized ==
17.12.2020 07:52:11.957 - [eu.usrv.lootgames.LootGamesDungeonLogger][INFO] - == LootGames logger initialized ==
18.12.2020 12:39:37.758 - [eu.usrv.lootgames.LootGamesDungeonLogger][INFO] - == LootGames logger initialized ==
18.12.2020 04:59:47.548 - [eu.usrv.lootgames.LootGamesDungeonLogger][INFO] - == LootGames logger initialized ==
19.12.2020 01:42:40.248 - [eu.usrv.lootgames.LootGamesDungeonLogger][INFO] - == LootGames logger initialized ==
19.12.2020 05:19:50.809 - [eu.usrv.lootgames.LootGamesDungeonLogger][INFO] - == LootGames logger initialized ==
20.12.2020 09:44:50.970 - [eu.usrv.lootgames.LootGamesDungeonLogger][INFO] - == LootGames logger initialized ==
20.12.2020 02:48:21.838 - [eu.usrv.lootgames.LootGamesDungeonLogger][INFO] - == LootGames logger initialized ==
26.12.2020 02:07:49.098 - [eu.usrv.lootgames.LootGamesDungeonLogger][INFO] - == LootGames logger initialized ==
26.12.2020 06:58:43.147 - [eu.usrv.lootgames.LootGamesDungeonLogger][INFO] - == LootGames logger initialized ==
27.12.2020 08:49:50.160 - [eu.usrv.lootgames.LootGamesDungeonLogger][INFO] - == LootGames logger initialized ==
27.12.2020 01:20:27.396 - [eu.usrv.lootgames.LootGamesDungeonLogger][INFO] - == LootGames logger initialized ==
27.12.2020 05:46:38.795 - [eu.usrv.lootgames.LootGamesDungeonLogger][INFO] - PuzzleDungeon spawned at -616 118 600 in Dimension 0
27.12.2020 05:46:52.155 - [eu.usrv.lootgames.LootGamesDungeonLogger][INFO] - PuzzleDungeon spawned at -696 54 904 in Dimension 0
27.12.2020 05:46:57.475 - [eu.usrv.lootgames.LootGamesDungeonLogger][INFO] - PuzzleDungeon spawned at -392 41 936 in Dimension 0
27.12.2020 05:47:22.133 - [eu.usrv.lootgames.LootGamesDungeonLogger][INFO] - PuzzleDungeon spawned at -728 117 472 in Dimension 0
28.12.2020 03:24:05.711 - [eu.usrv.lootgames.LootGamesDungeonLogger][INFO] - == LootGames logger initialized ==
28.12.2020 06:53:48.351 - [eu.usrv.lootgames.LootGamesDungeonLogger][INFO] - == LootGames logger initialized ==
30.12.2020 12:17:06.064 - [eu.usrv.lootgames.LootGamesDungeonLogger][INFO] - == LootGames logger initialized ==
30.12.2020 04:07:22.243 - [eu.usrv.lootgames.LootGamesDungeonLogger][INFO] - == LootGames logger initialized ==
31.12.2020 07:34:39.409 - [eu.usrv.lootgames.LootGamesDungeonLogger][INFO] - == LootGames logger initialized ==
31.12.2020 02:57:29.912 - [eu.usrv.lootgames.LootGamesDungeonLogger][INFO] - == LootGames logger initialized ==
31.12.2020 07:03:39.401 - [eu.usrv.lootgames.LootGamesDungeonLogger][INFO] - == LootGames logger initialized ==
31.12.2020 08:11:19.551 - [eu.usrv.lootgames.LootGamesDungeonLogger][INFO] - PuzzleDungeon spawned at -72 75 696 in Dimension 0
31.12.2020 08:11:39.475 - [eu.usrv.lootgames.LootGamesDungeonLogger][INFO] - PuzzleDungeon spawned at -40 63 840 in Dimension 0
31.12.2020 08:12:04.835 - [eu.usrv.lootgames.LootGamesDungeonLogger][INFO] - PuzzleDungeon spawned at -8 54 920 in Dimension 0
01.01.2021 10:02:33.676 - [eu.usrv.lootgames.LootGamesDungeonLogger][INFO] - == LootGames logger initialized ==
02.01.2021 12:44:31.945 - [eu.usrv.lootgames.LootGamesDungeonLogger][INFO] - == LootGames logger initialized ==
03.01.2021 09:54:54.257 - [eu.usrv.lootgames.LootGamesDungeonLogger][INFO] - == LootGames logger initialized ==
03.01.2021 07:30:42.746 - [eu.usrv.lootgames.LootGamesDungeonLogger][INFO] - == LootGames logger initialized ==
04.01.2021 07:40:42.220 - [eu.usrv.lootgames.LootGamesDungeonLogger][INFO] - == LootGames logger initialized ==
04.01.2021 02:43:11.637 - [eu.usrv.lootgames.LootGamesDungeonLogger][INFO] - == LootGames logger initialized ==
05.01.2021 09:53:51.616 - [eu.usrv.lootgames.LootGamesDungeonLogger][INFO] - == LootGames logger initialized ==
05.01.2021 01:10:29.186 - [eu.usrv.lootgames.LootGamesDungeonLogger][INFO] - == LootGames logger initialized ==
05.01.2021 04:41:06.421 - [eu.usrv.lootgames.LootGamesDungeonLogger][INFO] - == LootGames logger initialized ==
05.01.2021 07:45:16.742 - [eu.usrv.lootgames.LootGamesDungeonLogger][INFO] - == LootGames logger initialized ==
07.01.2021 12:20:27.093 - [eu.usrv.lootgames.LootGamesDungeonLogger][INFO] - == LootGames logger initialized ==
07.01.2021 02:26:26.912 - [eu.usrv.lootgames.LootGamesDungeonLogger][INFO] - == LootGames logger initialized ==
07.01.2021 08:17:51.574 - [eu.usrv.lootgames.LootGamesDungeonLogger][INFO] - == LootGames logger initialized ==
08.01.2021 09:49:39.223 - [eu.usrv.lootgames.LootGamesDungeonLogger][INFO] - == LootGames logger initialized ==
08.01.2021 12:33:52.952 - [eu.usrv.lootgames.LootGamesDungeonLogger][INFO] - == LootGames logger initialized ==
09.01.2021 11:27:48.189 - [eu.usrv.lootgames.LootGamesDungeonLogger][INFO] - == LootGames logger initialized ==
09.01.2021 03:07:17.501 - [eu.usrv.lootgames.LootGamesDungeonLogger][INFO] - == LootGames logger initialized ==
09.01.2021 08:04:04.110 - [eu.usrv.lootgames.LootGamesDungeonLogger][INFO] - == LootGames logger initialized ==
10.01.2021 12:00:05.197 - [eu.usrv.lootgames.LootGamesDungeonLogger][INFO] - == LootGames logger initialized ==
10.01.2021 12:34:08.338 - [eu.usrv.lootgames.LootGamesDungeonLogger][INFO] - == LootGames logger initialized ==
17.01.2021 08:45:54.476 - [eu.usrv.lootgames.LootGamesDungeonLogger][INFO] - == LootGames logger initialized ==
18.01.2021 09:12:34.925 - [eu.usrv.lootgames.LootGamesDungeonLogger][INFO] - == LootGames logger initialized ==
18.01.2021 11:55:34.765 - [eu.usrv.lootgames.LootGamesDungeonLogger][INFO] - == LootGames logger initialized ==
18.01.2021 02:53:24.578 - [eu.usrv.lootgames.LootGamesDungeonLogger][INFO] - == LootGames logger initialized ==
19.01.2021 12:17:47.682 - [eu.usrv.lootgames.LootGamesDungeonLogger][INFO] - == LootGames logger initialized ==
29.01.2021 04:15:19.862 - [eu.usrv.lootgames.LootGamesDungeonLogger][INFO] - == LootGames logger initialized ==
29.01.2021 05:21:03.217 - [eu.usrv.lootgames.LootGamesDungeonLogger][INFO] - == LootGames logger initialized ==
30.01.2021 12:42:01.987 - [eu.usrv.lootgames.LootGamesDungeonLogger][INFO] - == LootGames logger initialized ==
30.01.2021 04:08:04.227 - [eu.usrv.lootgames.LootGamesDungeonLogger][INFO] - == LootGames logger initialized ==
30.01.2021 06:18:43.252 - [eu.usrv.lootgames.LootGamesDungeonLogger][INFO] - == LootGames logger initialized ==
31.01.2021 09:41:23.649 - [eu.usrv.lootgames.LootGamesDungeonLogger][INFO] - == LootGames logger initialized ==
31.01.2021 07:01:41.380 - [eu.usrv.lootgames.LootGamesDungeonLogger][INFO] - == LootGames logger initialized ==
01.02.2021 08:21:38.477 - [eu.usrv.lootgames.LootGamesDungeonLogger][INFO] - == LootGames logger initialized ==
01.02.2021 08:34:47.205 - [eu.usrv.lootgames.LootGamesDungeonLogger][INFO] - PuzzleDungeon spawned at -88 73 88 in Dimension 0
01.02.2021 08:35:29.937 - [eu.usrv.lootgames.LootGamesDungeonLogger][INFO] - PuzzleDungeon spawned at 56 52 280 in Dimension 0
01.02.2021 08:35:39.611 - [eu.usrv.lootgames.LootGamesDungeonLogger][INFO] - PuzzleDungeon spawned at 168 44 -40 in Dimension 0
01.02.2021 10:58:13.667 - [eu.usrv.lootgames.LootGamesDungeonLogger][INFO] - == LootGames logger initialized ==
02.02.2021 06:19:45.278 - [eu.usrv.lootgames.LootGamesDungeonLogger][INFO] - == LootGames logger initialized ==
02.02.2021 11:57:07.039 - [eu.usrv.lootgames.LootGamesDungeonLogger][INFO] - == LootGames logger initialized ==
03.02.2021 06:06:45.786 - [eu.usrv.lootgames.LootGamesDungeonLogger][INFO] - == LootGames logger initialized ==
03.02.2021 01:21:52.033 - [eu.usrv.lootgames.LootGamesDungeonLogger][INFO] - == LootGames logger initialized ==
03.02.2021 05:13:06.770 - [eu.usrv.lootgames.LootGamesDungeonLogger][INFO] - == LootGames logger initialized ==
04.02.2021 09:56:59.975 - [eu.usrv.lootgames.LootGamesDungeonLogger][INFO] - == LootGames logger initialized ==
04.02.2021 04:16:17.953 - [eu.usrv.lootgames.LootGamesDungeonLogger][INFO] - == LootGames logger initialized ==
05.02.2021 06:09:55.697 - [eu.usrv.lootgames.LootGamesDungeonLogger][INFO] - == LootGames logger initialized ==
06.02.2021 12:20:28.801 - [eu.usrv.lootgames.LootGamesDungeonLogger][INFO] - == LootGames logger initialized ==
06.02.2021 02:40:38.210 - [eu.usrv.lootgames.LootGamesDungeonLogger][INFO] - == LootGames logger initialized ==
11.02.2021 02:35:52.021 - [eu.usrv.lootgames.LootGamesDungeonLogger][INFO] - == LootGames logger initialized ==
11.02.2021 06:01:57.168 - [eu.usrv.lootgames.LootGamesDungeonLogger][INFO] - == LootGames logger initialized ==
11.02.2021 06:12:16.377 - [eu.usrv.lootgames.LootGamesDungeonLogger][INFO] - == LootGames logger initialized ==
11.02.2021 06:20:22.421 - [eu.usrv.lootgames.LootGamesDungeonLogger][INFO] - == LootGames logger initialized ==
12.02.2021 04:22:43.655 - [eu.usrv.lootgames.LootGamesDungeonLogger][INFO] - == LootGames logger initialized ==
13.02.2021 12:21:35.644 - [eu.usrv.lootgames.LootGamesDungeonLogger][INFO] - == LootGames logger initialized ==
13.02.2021 12:39:11.728 - [eu.usrv.lootgames.LootGamesDungeonLogger][INFO] - == LootGames logger initialized ==
13.02.2021 03:18:57.310 - [eu.usrv.lootgames.LootGamesDungeonLogger][INFO] - == LootGames logger initialized ==
13.02.2021 07:42:16.504 - [eu.usrv.lootgames.LootGamesDungeonLogger][INFO] - == LootGames logger initialized ==
14.02.2021 08:36:41.074 - [eu.usrv.lootgames.LootGamesDungeonLogger][INFO] - == LootGames logger initialized ==
20.02.2021 01:43:36.711 - [eu.usrv.lootgames.LootGamesDungeonLogger][INFO] - == LootGames logger initialized ==
09.03.2021 12:52:18.105 - [eu.usrv.lootgames.LootGamesDungeonLogger][INFO] - == LootGames logger initialized ==
14.03.2021 12:50:37.645 - [eu.usrv.lootgames.LootGamesDungeonLogger][INFO] - == LootGames logger initialized ==
14.03.2021 12:58:12.541 - [eu.usrv.lootgames.LootGamesDungeonLogger][INFO] - PuzzleDungeon spawned at -264 68 -88 in Dimension 0
14.03.2021 12:58:13.292 - [eu.usrv.lootgames.LootGamesDungeonLogger][INFO] - PuzzleDungeon spawned at -248 57 -8 in Dimension 0
14.03.2021 12:58:13.526 - [eu.usrv.lootgames.LootGamesDungeonLogger][INFO] - PuzzleDungeon spawned at 8 83 -40 in Dimension 0
14.03.2021 04:27:36.931 - [eu.usrv.lootgames.LootGamesDungeonLogger][INFO] - == LootGames logger initialized ==
14.03.2021 04:39:19.178 - [eu.usrv.lootgames.LootGamesDungeonLogger][INFO] - PuzzleDungeon spawned at -120 89 216 in Dimension 0
21.03.2021 09:42:33.350 - [eu.usrv.lootgames.LootGamesDungeonLogger][INFO] - == LootGames logger initialized ==
21.03.2021 10:11:29.676 - [eu.usrv.lootgames.LootGamesDungeonLogger][INFO] - PuzzleDungeon spawned at -360 115 -136 in Dimension 0
21.03.2021 10:11:40.774 - [eu.usrv.lootgames.LootGamesDungeonLogger][INFO] - PuzzleDungeon spawned at -376 57 248 in Dimension 0
21.03.2021 10:11:50.987 - [eu.usrv.lootgames.LootGamesDungeonLogger][INFO] - PuzzleDungeon spawned at -72 62 280 in Dimension 0
21.03.2021 10:13:14.025 - [eu.usrv.lootgames.LootGamesDungeonLogger][INFO] - PuzzleDungeon spawned at -472 58 184 in Dimension 0
21.03.2021 11:21:05.660 - [eu.usrv.lootgames.LootGamesDungeonLogger][INFO] - PuzzleDungeon spawned at 136 62 88 in Dimension 0
21.03.2021 11:22:39.495 - [eu.usrv.lootgames.LootGamesDungeonLogger][INFO] - PuzzleDungeon spawned at 136 72 264 in Dimension 0
21.03.2021 11:43:30.110 - [eu.usrv.lootgames.LootGamesDungeonLogger][INFO] - PuzzleDungeon spawned at -328 50 408 in Dimension 0
21.03.2021 11:45:23.722 - [eu.usrv.lootgames.LootGamesDungeonLogger][INFO] - PuzzleDungeon spawned at -600 48 440 in Dimension 0
21.03.2021 11:45:25.258 - [eu.usrv.lootgames.LootGamesDungeonLogger][INFO] - PuzzleDungeon spawned at -744 59 232 in Dimension 0
21.03.2021 11:47:25.717 - [eu.usrv.lootgames.LootGamesDungeonLogger][INFO] - PuzzleDungeon spawned at -536 103 -136 in Dimension 0
21.03.2021 01:36:47.443 - [eu.usrv.lootgames.LootGamesDungeonLogger][INFO] - == LootGames logger initialized ==
21.03.2021 02:01:34.243 - [eu.usrv.lootgames.LootGamesDungeonLogger][INFO] - PuzzleDungeon spawned at -376 61 -312 in Dimension 0
21.03.2021 02:02:45.505 - [eu.usrv.lootgames.LootGamesDungeonLogger][INFO] - PuzzleDungeon spawned at -440 57 -456 in Dimension 0
21.03.2021 02:17:05.881 - [eu.usrv.lootgames.LootGamesDungeonLogger][INFO] - PuzzleDungeon spawned at 152 77 360 in Dimension 0
21.03.2021 02:19:05.785 - [eu.usrv.lootgames.LootGamesDungeonLogger][INFO] - PuzzleDungeon spawned at 440 74 280 in Dimension 0
21.03.2021 02:19:07.419 - [eu.usrv.lootgames.LootGamesDungeonLogger][INFO] - PuzzleDungeon spawned at 456 62 392 in Dimension 0
21.03.2021 02:20:27.555 - [eu.usrv.lootgames.LootGamesDungeonLogger][INFO] - PuzzleDungeon spawned at 648 54 104 in Dimension 0
21.03.2021 02:21:27.144 - [eu.usrv.lootgames.LootGamesDungeonLogger][INFO] - PuzzleDungeon spawned at 616 70 24 in Dimension 0
21.03.2021 02:21:47.783 - [eu.usrv.lootgames.LootGamesDungeonLogger][INFO] - PuzzleDungeon spawned at 520 20 -24 in Dimension 0
21.03.2021 02:22:35.398 - [eu.usrv.lootgames.LootGamesDungeonLogger][INFO] - PuzzleDungeon spawned at 520 59 -120 in Dimension 0
21.03.2021 02:23:11.751 - [eu.usrv.lootgames.LootGamesDungeonLogger][INFO] - PuzzleDungeon spawned at 264 75 -168 in Dimension 0
21.03.2021 02:23:17.863 - [eu.usrv.lootgames.LootGamesDungeonLogger][INFO] - PuzzleDungeon spawned at 472 66 -184 in Dimension 0
21.03.2021 03:46:56.016 - [eu.usrv.lootgames.LootGamesDungeonLogger][INFO] - PuzzleDungeon spawned at -40 68 -392 in Dimension 0
21.03.2021 03:46:56.266 - [eu.usrv.lootgames.LootGamesDungeonLogger][INFO] - PuzzleDungeon spawned at 136 57 -392 in Dimension 0
21.03.2021 03:48:28.561 - [eu.usrv.lootgames.LootGamesDungeonLogger][INFO] - PuzzleDungeon spawned at 392 58 -520 in Dimension 0
