23.03.21 21:54;LEFT_CLICK_BLOCK;pepeeja;DIM:0;-261;76;180;|;-26;7;18
23.03.21 21:55;RIGHT_CLICK_BLOCK;pepeeja;DIM:0;-259;76;176;|;-25;7;17
23.03.21 21:55;RIGHT_CLICK_BLOCK;pepeeja;DIM:0;-259;75;176;|;-25;7;17
23.03.21 21:55;RIGHT_CLICK_BLOCK;pepeeja;DIM:0;-256;76;176;|;-25;7;17
23.03.21 21:55;RIGHT_CLICK_BLOCK;pepeeja;DIM:0;-259;76;176;|;-25;7;17
23.03.21 21:55;RIGHT_CLICK_BLOCK;pepeeja;DIM:0;-259;75;176;|;-25;7;17
23.03.21 21:55;RIGHT_CLICK_BLOCK;pepeeja;DIM:0;-256;76;176;|;-25;7;17
23.03.21 21:55;RIGHT_CLICK_BLOCK;pepeeja;DIM:0;-256;75;176;|;-25;7;17
23.03.21 21:55;RIGHT_CLICK_BLOCK;pepeeja;DIM:0;-260;75;182;|;-26;7;18
23.03.21 21:55;RIGHT_CLICK_BLOCK;pepeeja;DIM:0;-259;76;189;|;-25;7;18
23.03.21 21:55;RIGHT_CLICK_BLOCK;pepeeja;DIM:0;-255;75;175;|;-25;7;17
23.03.21 21:55;RIGHT_CLICK_BLOCK;pepeeja;DIM:0;-255;76;175;|;-25;7;17
23.03.21 21:55;RIGHT_CLICK_BLOCK;pepeeja;DIM:0;-278;73;173;|;-27;7;17
23.03.21 21:57;RIGHT_CLICK_BLOCK;pepeeja;DIM:0;-346;76;508;|;-34;7;50
23.03.21 21:57;RIGHT_CLICK_BLOCK;pepeeja;DIM:0;-346;77;508;|;-34;7;50
23.03.21 21:58;LEFT_CLICK_BLOCK;pepeeja;DIM:0;-347;76;507;|;-34;7;50
23.03.21 21:58;HARVEST_BLOCK;pepeeja;DIM:0;-347;76;507;|;-34;7;50
23.03.21 21:58;LEFT_CLICK_BLOCK;pepeeja;DIM:0;-347;75;507;|;-34;7;50
23.03.21 21:58;HARVEST_BLOCK;pepeeja;DIM:0;-347;75;507;|;-34;7;50
23.03.21 21:58;LEFT_CLICK_BLOCK;pepeeja;DIM:0;-347;75;508;|;-34;7;50
23.03.21 21:58;HARVEST_BLOCK;pepeeja;DIM:0;-347;75;508;|;-34;7;50
23.03.21 21:58;LEFT_CLICK_BLOCK;pepeeja;DIM:0;-347;74;508;|;-34;7;50
23.03.21 21:58;HARVEST_BLOCK;pepeeja;DIM:0;-347;74;508;|;-34;7;50
23.03.21 21:58;LEFT_CLICK_BLOCK;pepeeja;DIM:0;-347;74;509;|;-34;7;50
23.03.21 21:58;HARVEST_BLOCK;pepeeja;DIM:0;-347;74;509;|;-34;7;50
23.03.21 21:58;LEFT_CLICK_BLOCK;pepeeja;DIM:0;-347;75;509;|;-34;7;50
23.03.21 21:58;HARVEST_BLOCK;pepeeja;DIM:0;-347;75;509;|;-34;7;50
23.03.21 21:58;LEFT_CLICK_BLOCK;pepeeja;DIM:0;-347;73;509;|;-34;7;50
23.03.21 21:58;HARVEST_BLOCK;pepeeja;DIM:0;-347;73;509;|;-34;7;50
23.03.21 21:58;LEFT_CLICK_BLOCK;pepeeja;DIM:0;-346;73;509;|;-34;7;50
23.03.21 21:58;LEFT_CLICK_BLOCK;pepeeja;DIM:0;-345;73;509;|;-34;7;50
23.03.21 21:58;LEFT_CLICK_BLOCK;pepeeja;DIM:0;-346;74;509;|;-34;7;50
23.03.21 21:58;LEFT_CLICK_BLOCK;pepeeja;DIM:0;-346;72;509;|;-34;7;50
23.03.21 21:58;LEFT_CLICK_BLOCK;pepeeja;DIM:0;-345;72;509;|;-34;7;50
23.03.21 21:58;LEFT_CLICK_BLOCK;pepeeja;DIM:0;-345;73;509;|;-34;7;50
23.03.21 21:58;LEFT_CLICK_BLOCK;pepeeja;DIM:0;-345;72;509;|;-34;7;50
23.03.21 21:58;LEFT_CLICK_BLOCK;pepeeja;DIM:0;-345;71;509;|;-34;7;50
23.03.21 21:58;LEFT_CLICK_BLOCK;pepeeja;DIM:0;-345;70;509;|;-34;7;50
23.03.21 21:58;LEFT_CLICK_BLOCK;pepeeja;DIM:0;-345;71;508;|;-34;7;50
23.03.21 21:58;LEFT_CLICK_BLOCK;pepeeja;DIM:0;-345;72;508;|;-34;7;50
23.03.21 21:58;LEFT_CLICK_BLOCK;pepeeja;DIM:0;-345;71;508;|;-34;7;50
23.03.21 21:58;LEFT_CLICK_BLOCK;pepeeja;DIM:0;-345;70;508;|;-34;7;50
23.03.21 21:58;LEFT_CLICK_BLOCK;pepeeja;DIM:0;-345;70;507;|;-34;7;50
23.03.21 21:58;LEFT_CLICK_BLOCK;pepeeja;DIM:0;-345;71;507;|;-34;7;50
23.03.21 21:58;HARVEST_BLOCK;pepeeja;DIM:0;-345;71;507;|;-34;7;50
23.03.21 21:58;LEFT_CLICK_BLOCK;pepeeja;DIM:0;-345;70;507;|;-34;7;50
23.03.21 21:58;HARVEST_BLOCK;pepeeja;DIM:0;-345;70;507;|;-34;7;50
23.03.21 21:58;LEFT_CLICK_BLOCK;pepeeja;DIM:0;-345;69;507;|;-34;6;50
23.03.21 21:58;HARVEST_BLOCK;pepeeja;DIM:0;-345;69;507;|;-34;6;50
23.03.21 21:58;LEFT_CLICK_BLOCK;pepeeja;DIM:0;-346;69;507;|;-34;6;50
23.03.21 21:58;HARVEST_BLOCK;pepeeja;DIM:0;-346;69;507;|;-34;6;50
23.03.21 21:58;LEFT_CLICK_BLOCK;pepeeja;DIM:0;-346;68;507;|;-34;6;50
23.03.21 21:58;HARVEST_BLOCK;pepeeja;DIM:0;-346;68;507;|;-34;6;50
23.03.21 21:58;LEFT_CLICK_BLOCK;pepeeja;DIM:0;-346;67;507;|;-34;6;50
23.03.21 21:58;LEFT_CLICK_BLOCK;pepeeja;DIM:0;-347;68;507;|;-34;6;50
23.03.21 21:58;HARVEST_BLOCK;pepeeja;DIM:0;-347;68;507;|;-34;6;50
23.03.21 21:58;LEFT_CLICK_BLOCK;pepeeja;DIM:0;-347;67;507;|;-34;6;50
23.03.21 21:58;HARVEST_BLOCK;pepeeja;DIM:0;-347;67;507;|;-34;6;50
23.03.21 21:58;LEFT_CLICK_BLOCK;pepeeja;DIM:0;-346;70;507;|;-34;7;50
23.03.21 21:58;HARVEST_BLOCK;pepeeja;DIM:0;-346;70;507;|;-34;7;50
23.03.21 21:58;LEFT_CLICK_BLOCK;pepeeja;DIM:0;-347;69;507;|;-34;6;50
23.03.21 21:58;HARVEST_BLOCK;pepeeja;DIM:0;-347;69;507;|;-34;6;50
23.03.21 21:58;LEFT_CLICK_BLOCK;pepeeja;DIM:0;-348;68;507;|;-34;6;50
23.03.21 21:58;LEFT_CLICK_BLOCK;pepeeja;DIM:0;-347;67;508;|;-34;6;50
23.03.21 21:58;HARVEST_BLOCK;pepeeja;DIM:0;-347;67;508;|;-34;6;50
23.03.21 21:58;LEFT_CLICK_BLOCK;pepeeja;DIM:0;-347;68;508;|;-34;6;50
23.03.21 21:58;HARVEST_BLOCK;pepeeja;DIM:0;-347;68;508;|;-34;6;50
23.03.21 21:58;LEFT_CLICK_BLOCK;pepeeja;DIM:0;-347;66;508;|;-34;6;50
23.03.21 21:58;HARVEST_BLOCK;pepeeja;DIM:0;-347;66;508;|;-34;6;50
23.03.21 21:58;LEFT_CLICK_BLOCK;pepeeja;DIM:0;-347;65;508;|;-34;6;50
23.03.21 21:59;LEFT_CLICK_BLOCK;pepeeja;DIM:0;-347;66;509;|;-34;6;50
23.03.21 21:59;HARVEST_BLOCK;pepeeja;DIM:0;-347;66;509;|;-34;6;50
23.03.21 21:59;LEFT_CLICK_BLOCK;pepeeja;DIM:0;-347;65;509;|;-34;6;50
23.03.21 21:59;LEFT_CLICK_BLOCK;pepeeja;DIM:0;-347;67;509;|;-34;6;50
23.03.21 21:59;HARVEST_BLOCK;pepeeja;DIM:0;-347;67;509;|;-34;6;50
23.03.21 21:59;LEFT_CLICK_BLOCK;pepeeja;DIM:0;-347;66;510;|;-34;6;51
23.03.21 21:59;LEFT_CLICK_BLOCK;pepeeja;DIM:0;-347;65;509;|;-34;6;50
23.03.21 21:59;HARVEST_BLOCK;pepeeja;DIM:0;-347;65;509;|;-34;6;50
23.03.21 21:59;RIGHT_CLICK_BLOCK;pepeeja;DIM:0;-347;64;509;|;-34;6;50
23.03.21 21:59;LEFT_CLICK_BLOCK;pepeeja;DIM:0;-346;66;509;|;-34;6;50
23.03.21 21:59;HARVEST_BLOCK;pepeeja;DIM:0;-346;66;509;|;-34;6;50
23.03.21 21:59;LEFT_CLICK_BLOCK;pepeeja;DIM:0;-346;65;509;|;-34;6;50
23.03.21 21:59;HARVEST_BLOCK;pepeeja;DIM:0;-346;65;509;|;-34;6;50
23.03.21 21:59;LEFT_CLICK_BLOCK;pepeeja;DIM:0;-346;64;509;|;-34;6;50
23.03.21 21:59;HARVEST_BLOCK;pepeeja;DIM:0;-346;64;509;|;-34;6;50
23.03.21 21:59;LEFT_CLICK_BLOCK;pepeeja;DIM:0;-345;65;509;|;-34;6;50
23.03.21 21:59;LEFT_CLICK_BLOCK;pepeeja;DIM:0;-345;64;509;|;-34;6;50
23.03.21 21:59;LEFT_CLICK_BLOCK;pepeeja;DIM:0;-345;65;509;|;-34;6;50
23.03.21 21:59;HARVEST_BLOCK;pepeeja;DIM:0;-345;65;509;|;-34;6;50
23.03.21 21:59;LEFT_CLICK_BLOCK;pepeeja;DIM:0;-345;64;509;|;-34;6;50
23.03.21 21:59;HARVEST_BLOCK;pepeeja;DIM:0;-345;64;509;|;-34;6;50
23.03.21 21:59;LEFT_CLICK_BLOCK;pepeeja;DIM:0;-345;63;509;|;-34;6;50
23.03.21 21:59;HARVEST_BLOCK;pepeeja;DIM:0;-345;63;509;|;-34;6;50
23.03.21 21:59;LEFT_CLICK_BLOCK;pepeeja;DIM:0;-344;65;509;|;-34;6;50
23.03.21 21:59;HARVEST_BLOCK;pepeeja;DIM:0;-344;65;509;|;-34;6;50
23.03.21 21:59;LEFT_CLICK_BLOCK;pepeeja;DIM:0;-345;63;508;|;-34;6;50
23.03.21 21:59;HARVEST_BLOCK;pepeeja;DIM:0;-345;63;508;|;-34;6;50
23.03.21 21:59;LEFT_CLICK_BLOCK;pepeeja;DIM:0;-345;64;508;|;-34;6;50
23.03.21 21:59;HARVEST_BLOCK;pepeeja;DIM:0;-345;64;508;|;-34;6;50
23.03.21 21:59;LEFT_CLICK_BLOCK;pepeeja;DIM:0;-345;62;508;|;-34;6;50
23.03.21 21:59;HARVEST_BLOCK;pepeeja;DIM:0;-345;62;508;|;-34;6;50
23.03.21 21:59;LEFT_CLICK_BLOCK;pepeeja;DIM:0;-345;62;507;|;-34;6;50
23.03.21 21:59;LEFT_CLICK_BLOCK;pepeeja;DIM:0;-345;63;507;|;-34;6;50
23.03.21 21:59;HARVEST_BLOCK;pepeeja;DIM:0;-345;63;507;|;-34;6;50
23.03.21 21:59;LEFT_CLICK_BLOCK;pepeeja;DIM:0;-345;62;507;|;-34;6;50
23.03.21 21:59;HARVEST_BLOCK;pepeeja;DIM:0;-345;62;507;|;-34;6;50
23.03.21 21:59;LEFT_CLICK_BLOCK;pepeeja;DIM:0;-345;61;507;|;-34;6;50
23.03.21 21:59;HARVEST_BLOCK;pepeeja;DIM:0;-345;61;507;|;-34;6;50
23.03.21 22:00;LEFT_CLICK_BLOCK;pepeeja;DIM:0;-346;62;507;|;-34;6;50
23.03.21 22:00;HARVEST_BLOCK;pepeeja;DIM:0;-346;62;507;|;-34;6;50
23.03.21 22:00;LEFT_CLICK_BLOCK;pepeeja;DIM:0;-346;61;507;|;-34;6;50
23.03.21 22:00;HARVEST_BLOCK;pepeeja;DIM:0;-346;61;507;|;-34;6;50
23.03.21 22:00;LEFT_CLICK_BLOCK;pepeeja;DIM:0;-346;60;507;|;-34;6;50
23.03.21 22:00;HARVEST_BLOCK;pepeeja;DIM:0;-346;60;507;|;-34;6;50
23.03.21 22:00;LEFT_CLICK_BLOCK;pepeeja;DIM:0;-347;61;507;|;-34;6;50
23.03.21 22:00;HARVEST_BLOCK;pepeeja;DIM:0;-347;61;507;|;-34;6;50
23.03.21 22:00;LEFT_CLICK_BLOCK;pepeeja;DIM:0;-347;60;507;|;-34;6;50
23.03.21 22:00;HARVEST_BLOCK;pepeeja;DIM:0;-347;60;507;|;-34;6;50
23.03.21 22:00;LEFT_CLICK_BLOCK;pepeeja;DIM:0;-347;59;507;|;-34;5;50
23.03.21 22:00;HARVEST_BLOCK;pepeeja;DIM:0;-347;59;507;|;-34;5;50
23.03.21 22:00;LEFT_CLICK_BLOCK;pepeeja;DIM:0;-347;60;508;|;-34;6;50
23.03.21 22:00;HARVEST_BLOCK;pepeeja;DIM:0;-347;60;508;|;-34;6;50
23.03.21 22:00;LEFT_CLICK_BLOCK;pepeeja;DIM:0;-347;59;508;|;-34;5;50
23.03.21 22:00;HARVEST_BLOCK;pepeeja;DIM:0;-347;59;508;|;-34;5;50
23.03.21 22:00;LEFT_CLICK_BLOCK;pepeeja;DIM:0;-347;58;508;|;-34;5;50
23.03.21 22:00;HARVEST_BLOCK;pepeeja;DIM:0;-347;58;508;|;-34;5;50
23.03.21 22:00;RIGHT_CLICK_BLOCK;pepeeja;DIM:0;-347;57;508;|;-34;5;50
23.03.21 22:00;LEFT_CLICK_BLOCK;pepeeja;DIM:0;-347;59;509;|;-34;5;50
23.03.21 22:00;HARVEST_BLOCK;pepeeja;DIM:0;-347;59;509;|;-34;5;50
23.03.21 22:00;LEFT_CLICK_BLOCK;pepeeja;DIM:0;-347;58;509;|;-34;5;50
23.03.21 22:00;HARVEST_BLOCK;pepeeja;DIM:0;-347;58;509;|;-34;5;50
23.03.21 22:00;LEFT_CLICK_BLOCK;pepeeja;DIM:0;-347;58;510;|;-34;5;51
23.03.21 22:00;LEFT_CLICK_BLOCK;pepeeja;DIM:0;-347;59;510;|;-34;5;51
23.03.21 22:00;HARVEST_BLOCK;pepeeja;DIM:0;-347;59;510;|;-34;5;51
23.03.21 22:00;LEFT_CLICK_BLOCK;pepeeja;DIM:0;-347;58;510;|;-34;5;51
23.03.21 22:00;HARVEST_BLOCK;pepeeja;DIM:0;-347;58;510;|;-34;5;51
23.03.21 22:00;LEFT_CLICK_BLOCK;pepeeja;DIM:0;-347;58;511;|;-34;5;51
23.03.21 22:00;LEFT_CLICK_BLOCK;pepeeja;DIM:0;-347;59;511;|;-34;5;51
23.03.21 22:00;HARVEST_BLOCK;pepeeja;DIM:0;-347;59;511;|;-34;5;51
23.03.21 22:00;LEFT_CLICK_BLOCK;pepeeja;DIM:0;-347;59;512;|;-34;5;51
23.03.21 22:00;LEFT_CLICK_BLOCK;pepeeja;DIM:0;-347;58;511;|;-34;5;51
23.03.21 22:00;HARVEST_BLOCK;pepeeja;DIM:0;-347;58;511;|;-34;5;51
23.03.21 22:00;LEFT_CLICK_BLOCK;pepeeja;DIM:0;-348;58;509;|;-34;5;50
23.03.21 22:00;HARVEST_BLOCK;pepeeja;DIM:0;-348;58;509;|;-34;5;50
23.03.21 22:00;LEFT_CLICK_BLOCK;pepeeja;DIM:0;-347;57;509;|;-34;5;50
23.03.21 22:00;HARVEST_BLOCK;pepeeja;DIM:0;-347;57;509;|;-34;5;50
23.03.21 22:00;LEFT_CLICK_BLOCK;pepeeja;DIM:0;-348;57;509;|;-34;5;50
23.03.21 22:00;HARVEST_BLOCK;pepeeja;DIM:0;-348;57;509;|;-34;5;50
23.03.21 22:00;LEFT_CLICK_BLOCK;pepeeja;DIM:0;-348;57;508;|;-34;5;50
23.03.21 22:00;LEFT_CLICK_BLOCK;pepeeja;DIM:0;-349;58;509;|;-34;5;50
23.03.21 22:00;HARVEST_BLOCK;pepeeja;DIM:0;-349;58;509;|;-34;5;50
23.03.21 22:00;LEFT_CLICK_BLOCK;pepeeja;DIM:0;-348;57;510;|;-34;5;51
23.03.21 22:00;HARVEST_BLOCK;pepeeja;DIM:0;-348;57;510;|;-34;5;51
23.03.21 22:00;LEFT_CLICK_BLOCK;pepeeja;DIM:0;-348;58;510;|;-34;5;51
23.03.21 22:00;HARVEST_BLOCK;pepeeja;DIM:0;-348;58;510;|;-34;5;51
23.03.21 22:00;LEFT_CLICK_BLOCK;pepeeja;DIM:0;-348;57;511;|;-34;5;51
23.03.21 22:00;LEFT_CLICK_BLOCK;pepeeja;DIM:0;-348;56;510;|;-34;5;51
23.03.21 22:00;HARVEST_BLOCK;pepeeja;DIM:0;-348;56;510;|;-34;5;51
23.03.21 22:00;LEFT_CLICK_BLOCK;pepeeja;DIM:0;-348;56;511;|;-34;5;51
23.03.21 22:00;LEFT_CLICK_BLOCK;pepeeja;DIM:0;-348;57;511;|;-34;5;51
23.03.21 22:00;HARVEST_BLOCK;pepeeja;DIM:0;-348;57;511;|;-34;5;51
23.03.21 22:00;LEFT_CLICK_BLOCK;pepeeja;DIM:0;-348;57;512;|;-34;5;51
23.03.21 22:00;LEFT_CLICK_BLOCK;pepeeja;DIM:0;-348;58;511;|;-34;5;51
23.03.21 22:00;HARVEST_BLOCK;pepeeja;DIM:0;-348;58;511;|;-34;5;51
23.03.21 22:00;LEFT_CLICK_BLOCK;pepeeja;DIM:0;-348;57;512;|;-34;5;51
23.03.21 22:00;HARVEST_BLOCK;pepeeja;DIM:0;-348;57;512;|;-34;5;51
23.03.21 22:00;LEFT_CLICK_BLOCK;pepeeja;DIM:0;-348;58;512;|;-34;5;51
23.03.21 22:00;HARVEST_BLOCK;pepeeja;DIM:0;-348;58;512;|;-34;5;51
23.03.21 22:00;LEFT_CLICK_BLOCK;pepeeja;DIM:0;-349;58;511;|;-34;5;51
23.03.21 22:00;HARVEST_BLOCK;pepeeja;DIM:0;-349;58;511;|;-34;5;51
23.03.21 22:00;LEFT_CLICK_BLOCK;pepeeja;DIM:0;-349;58;512;|;-34;5;51
23.03.21 22:00;HARVEST_BLOCK;pepeeja;DIM:0;-349;58;512;|;-34;5;51
23.03.21 22:00;LEFT_CLICK_BLOCK;pepeeja;DIM:0;-348;58;513;|;-34;5;51
23.03.21 22:00;HARVEST_BLOCK;pepeeja;DIM:0;-348;58;513;|;-34;5;51
23.03.21 22:01;LEFT_CLICK_BLOCK;pepeeja;DIM:0;-348;57;508;|;-34;5;50
23.03.21 22:01;HARVEST_BLOCK;pepeeja;DIM:0;-348;57;508;|;-34;5;50
23.03.21 22:01;LEFT_CLICK_BLOCK;pepeeja;DIM:0;-348;56;509;|;-34;5;50
23.03.21 22:01;HARVEST_BLOCK;pepeeja;DIM:0;-348;56;509;|;-34;5;50
23.03.21 22:01;LEFT_CLICK_BLOCK;pepeeja;DIM:0;-348;56;508;|;-34;5;50
23.03.21 22:01;HARVEST_BLOCK;pepeeja;DIM:0;-348;56;508;|;-34;5;50
23.03.21 22:01;LEFT_CLICK_BLOCK;pepeeja;DIM:0;-348;56;507;|;-34;5;50
23.03.21 22:01;LEFT_CLICK_BLOCK;pepeeja;DIM:0;-348;57;507;|;-34;5;50
23.03.21 22:01;HARVEST_BLOCK;pepeeja;DIM:0;-348;57;507;|;-34;5;50
23.03.21 22:01;LEFT_CLICK_BLOCK;pepeeja;DIM:0;-349;57;508;|;-34;5;50
23.03.21 22:01;HARVEST_BLOCK;pepeeja;DIM:0;-349;57;508;|;-34;5;50
23.03.21 22:01;LEFT_CLICK_BLOCK;pepeeja;DIM:0;-349;57;507;|;-34;5;50
23.03.21 22:01;LEFT_CLICK_BLOCK;pepeeja;DIM:0;-348;58;508;|;-34;5;50
23.03.21 22:01;LEFT_CLICK_BLOCK;pepeeja;DIM:0;-349;58;508;|;-34;5;50
23.03.21 22:01;LEFT_CLICK_BLOCK;pepeeja;DIM:0;-350;57;508;|;-35;5;50
23.03.21 22:01;HARVEST_BLOCK;pepeeja;DIM:0;-350;57;508;|;-35;5;50
23.03.21 22:01;LEFT_CLICK_BLOCK;pepeeja;DIM:0;-351;57;508;|;-35;5;50
23.03.21 22:01;LEFT_CLICK_BLOCK;pepeeja;DIM:0;-349;56;508;|;-34;5;50
23.03.21 22:01;HARVEST_BLOCK;pepeeja;DIM:0;-349;56;508;|;-34;5;50
23.03.21 22:01;LEFT_CLICK_BLOCK;pepeeja;DIM:0;-350;56;508;|;-35;5;50
23.03.21 22:01;HARVEST_BLOCK;pepeeja;DIM:0;-350;56;508;|;-35;5;50
23.03.21 22:01;LEFT_CLICK_BLOCK;pepeeja;DIM:0;-350;55;508;|;-35;5;50
23.03.21 22:01;LEFT_CLICK_BLOCK;pepeeja;DIM:0;-350;56;507;|;-35;5;50
23.03.21 22:01;HARVEST_BLOCK;pepeeja;DIM:0;-350;56;507;|;-35;5;50
23.03.21 22:01;LEFT_CLICK_BLOCK;pepeeja;DIM:0;-349;56;507;|;-34;5;50
23.03.21 22:01;HARVEST_BLOCK;pepeeja;DIM:0;-349;56;507;|;-34;5;50
23.03.21 22:01;LEFT_CLICK_BLOCK;pepeeja;DIM:0;-349;55;507;|;-34;5;50
23.03.21 22:01;LEFT_CLICK_BLOCK;pepeeja;DIM:0;-349;55;508;|;-34;5;50
23.03.21 22:01;HARVEST_BLOCK;pepeeja;DIM:0;-349;55;508;|;-34;5;50
23.03.21 22:01;LEFT_CLICK_BLOCK;pepeeja;DIM:0;-349;54;508;|;-34;5;50
23.03.21 22:01;LEFT_CLICK_BLOCK;pepeeja;DIM:0;-350;57;507;|;-35;5;50
23.03.21 22:01;HARVEST_BLOCK;pepeeja;DIM:0;-350;57;507;|;-35;5;50
23.03.21 22:01;LEFT_CLICK_BLOCK;pepeeja;DIM:0;-351;56;508;|;-35;5;50
23.03.21 22:01;LEFT_CLICK_BLOCK;pepeeja;DIM:0;-350;57;509;|;-35;5;50
23.03.21 22:01;HARVEST_BLOCK;pepeeja;DIM:0;-350;57;509;|;-35;5;50
23.03.21 22:01;LEFT_CLICK_BLOCK;pepeeja;DIM:0;-350;56;509;|;-35;5;50
23.03.21 22:01;HARVEST_BLOCK;pepeeja;DIM:0;-350;56;509;|;-35;5;50
23.03.21 22:01;LEFT_CLICK_BLOCK;pepeeja;DIM:0;-351;56;509;|;-35;5;50
23.03.21 22:01;HARVEST_BLOCK;pepeeja;DIM:0;-351;56;509;|;-35;5;50
23.03.21 22:01;LEFT_CLICK_BLOCK;pepeeja;DIM:0;-351;57;509;|;-35;5;50
23.03.21 22:01;HARVEST_BLOCK;pepeeja;DIM:0;-351;57;509;|;-35;5;50
23.03.21 22:01;LEFT_CLICK_BLOCK;pepeeja;DIM:0;-350;57;510;|;-35;5;51
23.03.21 22:01;HARVEST_BLOCK;pepeeja;DIM:0;-350;57;510;|;-35;5;51
23.03.21 22:01;LEFT_CLICK_BLOCK;pepeeja;DIM:0;-350;58;509;|;-35;5;50
23.03.21 22:01;HARVEST_BLOCK;pepeeja;DIM:0;-350;58;509;|;-35;5;50
23.03.21 22:01;LEFT_CLICK_BLOCK;pepeeja;DIM:0;-350;58;510;|;-35;5;51
23.03.21 22:01;HARVEST_BLOCK;pepeeja;DIM:0;-350;58;510;|;-35;5;51
23.03.21 22:01;LEFT_CLICK_BLOCK;pepeeja;DIM:0;-351;56;508;|;-35;5;50
23.03.21 22:01;HARVEST_BLOCK;pepeeja;DIM:0;-351;56;508;|;-35;5;50
23.03.21 22:01;LEFT_CLICK_BLOCK;pepeeja;DIM:0;-351;57;508;|;-35;5;50
23.03.21 22:01;HARVEST_BLOCK;pepeeja;DIM:0;-351;57;508;|;-35;5;50
23.03.21 22:01;LEFT_CLICK_BLOCK;pepeeja;DIM:0;-351;57;507;|;-35;5;50
23.03.21 22:01;HARVEST_BLOCK;pepeeja;DIM:0;-351;57;507;|;-35;5;50
23.03.21 22:01;LEFT_CLICK_BLOCK;pepeeja;DIM:0;-351;56;507;|;-35;5;50
23.03.21 22:01;HARVEST_BLOCK;pepeeja;DIM:0;-351;56;507;|;-35;5;50
23.03.21 22:01;LEFT_CLICK_BLOCK;pepeeja;DIM:0;-352;57;508;|;-35;5;50
23.03.21 22:01;HARVEST_BLOCK;pepeeja;DIM:0;-352;57;508;|;-35;5;50
23.03.21 22:01;LEFT_CLICK_BLOCK;pepeeja;DIM:0;-352;57;509;|;-35;5;50
23.03.21 22:01;HARVEST_BLOCK;pepeeja;DIM:0;-352;57;509;|;-35;5;50
23.03.21 22:01;LEFT_CLICK_BLOCK;pepeeja;DIM:0;-352;56;509;|;-35;5;50
23.03.21 22:01;HARVEST_BLOCK;pepeeja;DIM:0;-352;56;509;|;-35;5;50
23.03.21 22:01;LEFT_CLICK_BLOCK;pepeeja;DIM:0;-352;56;508;|;-35;5;50
23.03.21 22:01;HARVEST_BLOCK;pepeeja;DIM:0;-352;56;508;|;-35;5;50
23.03.21 22:01;LEFT_CLICK_BLOCK;pepeeja;DIM:0;-352;56;507;|;-35;5;50
23.03.21 22:01;HARVEST_BLOCK;pepeeja;DIM:0;-352;56;507;|;-35;5;50
23.03.21 22:01;LEFT_CLICK_BLOCK;pepeeja;DIM:0;-352;57;507;|;-35;5;50
23.03.21 22:01;HARVEST_BLOCK;pepeeja;DIM:0;-352;57;507;|;-35;5;50
23.03.21 22:01;LEFT_CLICK_BLOCK;pepeeja;DIM:0;-351;56;506;|;-35;5;50
23.03.21 22:01;HARVEST_BLOCK;pepeeja;DIM:0;-351;56;506;|;-35;5;50
23.03.21 22:01;LEFT_CLICK_BLOCK;pepeeja;DIM:0;-351;57;506;|;-35;5;50
23.03.21 22:01;HARVEST_BLOCK;pepeeja;DIM:0;-351;57;506;|;-35;5;50
23.03.21 22:01;LEFT_CLICK_BLOCK;pepeeja;DIM:0;-351;56;505;|;-35;5;50
23.03.21 22:01;HARVEST_BLOCK;pepeeja;DIM:0;-351;56;505;|;-35;5;50
23.03.21 22:01;LEFT_CLICK_BLOCK;pepeeja;DIM:0;-351;57;505;|;-35;5;50
23.03.21 22:01;HARVEST_BLOCK;pepeeja;DIM:0;-351;57;505;|;-35;5;50
23.03.21 22:01;LEFT_CLICK_BLOCK;pepeeja;DIM:0;-352;57;505;|;-35;5;50
23.03.21 22:01;HARVEST_BLOCK;pepeeja;DIM:0;-352;57;505;|;-35;5;50
23.03.21 22:01;LEFT_CLICK_BLOCK;pepeeja;DIM:0;-353;57;505;|;-35;5;50
23.03.21 22:01;HARVEST_BLOCK;pepeeja;DIM:0;-353;57;505;|;-35;5;50
23.03.21 22:01;LEFT_CLICK_BLOCK;pepeeja;DIM:0;-352;56;505;|;-35;5;50
23.03.21 22:01;HARVEST_BLOCK;pepeeja;DIM:0;-352;56;505;|;-35;5;50
23.03.21 22:01;LEFT_CLICK_BLOCK;pepeeja;DIM:0;-353;56;505;|;-35;5;50
23.03.21 22:01;LEFT_CLICK_BLOCK;pepeeja;DIM:0;-352;57;504;|;-35;5;50
23.03.21 22:01;HARVEST_BLOCK;pepeeja;DIM:0;-352;57;504;|;-35;5;50
23.03.21 22:01;LEFT_CLICK_BLOCK;pepeeja;DIM:0;-352;56;504;|;-35;5;50
23.03.21 22:01;HARVEST_BLOCK;pepeeja;DIM:0;-352;56;504;|;-35;5;50
23.03.21 22:01;LEFT_CLICK_BLOCK;pepeeja;DIM:0;-353;57;504;|;-35;5;50
23.03.21 22:01;LEFT_CLICK_BLOCK;pepeeja;DIM:0;-353;56;505;|;-35;5;50
23.03.21 22:01;HARVEST_BLOCK;pepeeja;DIM:0;-353;56;505;|;-35;5;50
23.03.21 22:01;LEFT_CLICK_BLOCK;pepeeja;DIM:0;-353;57;506;|;-35;5;50
23.03.21 22:01;HARVEST_BLOCK;pepeeja;DIM:0;-353;57;506;|;-35;5;50
23.03.21 22:01;LEFT_CLICK_BLOCK;pepeeja;DIM:0;-353;57;507;|;-35;5;50
23.03.21 22:01;LEFT_CLICK_BLOCK;pepeeja;DIM:0;-354;57;506;|;-35;5;50
23.03.21 22:01;LEFT_CLICK_BLOCK;pepeeja;DIM:0;-354;57;505;|;-35;5;50
23.03.21 22:01;HARVEST_BLOCK;pepeeja;DIM:0;-354;57;505;|;-35;5;50
23.03.21 22:01;LEFT_CLICK_BLOCK;pepeeja;DIM:0;-354;56;505;|;-35;5;50
23.03.21 22:01;HARVEST_BLOCK;pepeeja;DIM:0;-354;56;505;|;-35;5;50
23.03.21 22:02;RIGHT_CLICK_BLOCK;pepeeja;DIM:0;-354;55;505;|;-35;5;50
23.03.21 22:02;LEFT_CLICK_BLOCK;pepeeja;DIM:0;-354;57;506;|;-35;5;50
23.03.21 22:02;HARVEST_BLOCK;pepeeja;DIM:0;-354;57;506;|;-35;5;50
23.03.21 22:02;LEFT_CLICK_BLOCK;pepeeja;DIM:0;-354;56;506;|;-35;5;50
23.03.21 22:02;HARVEST_BLOCK;pepeeja;DIM:0;-354;56;506;|;-35;5;50
23.03.21 22:02;LEFT_CLICK_BLOCK;pepeeja;DIM:0;-354;55;506;|;-35;5;50
23.03.21 22:02;HARVEST_BLOCK;pepeeja;DIM:0;-354;55;506;|;-35;5;50
23.03.21 22:02;LEFT_CLICK_BLOCK;pepeeja;DIM:0;-354;57;507;|;-35;5;50
23.03.21 22:02;HARVEST_BLOCK;pepeeja;DIM:0;-354;57;507;|;-35;5;50
23.03.21 22:02;LEFT_CLICK_BLOCK;pepeeja;DIM:0;-354;56;507;|;-35;5;50
23.03.21 22:02;HARVEST_BLOCK;pepeeja;DIM:0;-354;56;507;|;-35;5;50
23.03.21 22:02;LEFT_CLICK_BLOCK;pepeeja;DIM:0;-354;56;508;|;-35;5;50
23.03.21 22:02;LEFT_CLICK_BLOCK;pepeeja;DIM:0;-354;57;508;|;-35;5;50
23.03.21 22:02;HARVEST_BLOCK;pepeeja;DIM:0;-354;57;508;|;-35;5;50
23.03.21 22:02;LEFT_CLICK_BLOCK;pepeeja;DIM:0;-354;56;508;|;-35;5;50
23.03.21 22:02;LEFT_CLICK_BLOCK;pepeeja;DIM:0;-353;57;507;|;-35;5;50
23.03.21 22:02;HARVEST_BLOCK;pepeeja;DIM:0;-353;57;507;|;-35;5;50
23.03.21 22:02;LEFT_CLICK_BLOCK;pepeeja;DIM:0;-353;56;507;|;-35;5;50
23.03.21 22:02;HARVEST_BLOCK;pepeeja;DIM:0;-353;56;507;|;-35;5;50
23.03.21 22:02;LEFT_CLICK_BLOCK;pepeeja;DIM:0;-351;55;508;|;-35;5;50
23.03.21 22:02;LEFT_CLICK_BLOCK;pepeeja;DIM:0;-352;55;509;|;-35;5;50
23.03.21 22:02;LEFT_CLICK_BLOCK;pepeeja;DIM:0;-353;57;508;|;-35;5;50
23.03.21 22:02;LEFT_CLICK_BLOCK;pepeeja;DIM:0;-353;56;508;|;-35;5;50
23.03.21 22:02;HARVEST_BLOCK;pepeeja;DIM:0;-353;56;508;|;-35;5;50
23.03.21 22:02;LEFT_CLICK_BLOCK;pepeeja;DIM:0;-353;57;508;|;-35;5;50
23.03.21 22:02;HARVEST_BLOCK;pepeeja;DIM:0;-353;57;508;|;-35;5;50
23.03.21 22:02;LEFT_CLICK_BLOCK;pepeeja;DIM:0;-353;56;509;|;-35;5;50
23.03.21 22:02;LEFT_CLICK_BLOCK;pepeeja;DIM:0;-352;56;510;|;-35;5;51
23.03.21 22:02;HARVEST_BLOCK;pepeeja;DIM:0;-352;56;510;|;-35;5;51
23.03.21 22:02;LEFT_CLICK_BLOCK;pepeeja;DIM:0;-351;56;510;|;-35;5;51
23.03.21 22:02;HARVEST_BLOCK;pepeeja;DIM:0;-351;56;510;|;-35;5;51
23.03.21 22:02;LEFT_CLICK_BLOCK;pepeeja;DIM:0;-352;57;510;|;-35;5;51
23.03.21 22:02;HARVEST_BLOCK;pepeeja;DIM:0;-352;57;510;|;-35;5;51
23.03.21 22:02;LEFT_CLICK_BLOCK;pepeeja;DIM:0;-352;56;511;|;-35;5;51
23.03.21 22:02;HARVEST_BLOCK;pepeeja;DIM:0;-352;56;511;|;-35;5;51
23.03.21 22:02;LEFT_CLICK_BLOCK;pepeeja;DIM:0;-352;57;511;|;-35;5;51
23.03.21 22:02;HARVEST_BLOCK;pepeeja;DIM:0;-352;57;511;|;-35;5;51
23.03.21 22:02;LEFT_CLICK_BLOCK;pepeeja;DIM:0;-352;56;512;|;-35;5;51
23.03.21 22:02;HARVEST_BLOCK;pepeeja;DIM:0;-352;56;512;|;-35;5;51
23.03.21 22:02;LEFT_CLICK_BLOCK;pepeeja;DIM:0;-352;57;512;|;-35;5;51
23.03.21 22:02;HARVEST_BLOCK;pepeeja;DIM:0;-352;57;512;|;-35;5;51
23.03.21 22:02;LEFT_CLICK_BLOCK;pepeeja;DIM:0;-352;56;513;|;-35;5;51
23.03.21 22:02;HARVEST_BLOCK;pepeeja;DIM:0;-352;56;513;|;-35;5;51
23.03.21 22:02;LEFT_CLICK_BLOCK;pepeeja;DIM:0;-352;56;514;|;-35;5;51
23.03.21 22:02;LEFT_CLICK_BLOCK;pepeeja;DIM:0;-352;57;513;|;-35;5;51
23.03.21 22:02;HARVEST_BLOCK;pepeeja;DIM:0;-352;57;513;|;-35;5;51
23.03.21 22:02;LEFT_CLICK_BLOCK;pepeeja;DIM:0;-353;57;513;|;-35;5;51
23.03.21 22:02;HARVEST_BLOCK;pepeeja;DIM:0;-353;57;513;|;-35;5;51
23.03.21 22:02;LEFT_CLICK_BLOCK;pepeeja;DIM:0;-353;56;513;|;-35;5;51
23.03.21 22:02;LEFT_CLICK_BLOCK;pepeeja;DIM:0;-353;56;512;|;-35;5;51
23.03.21 22:02;HARVEST_BLOCK;pepeeja;DIM:0;-353;56;512;|;-35;5;51
23.03.21 22:02;LEFT_CLICK_BLOCK;pepeeja;DIM:0;-353;56;511;|;-35;5;51
23.03.21 22:02;HARVEST_BLOCK;pepeeja;DIM:0;-353;56;511;|;-35;5;51
23.03.21 22:02;LEFT_CLICK_BLOCK;pepeeja;DIM:0;-353;56;510;|;-35;5;51
23.03.21 22:02;HARVEST_BLOCK;pepeeja;DIM:0;-353;56;510;|;-35;5;51
23.03.21 22:02;LEFT_CLICK_BLOCK;pepeeja;DIM:0;-351;57;511;|;-35;5;51
23.03.21 22:02;HARVEST_BLOCK;pepeeja;DIM:0;-351;57;511;|;-35;5;51
23.03.21 22:02;LEFT_CLICK_BLOCK;pepeeja;DIM:0;-351;57;512;|;-35;5;51
23.03.21 22:02;HARVEST_BLOCK;pepeeja;DIM:0;-351;57;512;|;-35;5;51
23.03.21 22:02;LEFT_CLICK_BLOCK;pepeeja;DIM:0;-351;58;512;|;-35;5;51
23.03.21 22:02;HARVEST_BLOCK;pepeeja;DIM:0;-351;58;512;|;-35;5;51
23.03.21 22:02;LEFT_CLICK_BLOCK;pepeeja;DIM:0;-350;58;512;|;-35;5;51
23.03.21 22:02;HARVEST_BLOCK;pepeeja;DIM:0;-350;58;512;|;-35;5;51
23.03.21 22:02;LEFT_CLICK_BLOCK;pepeeja;DIM:0;-352;58;512;|;-35;5;51
23.03.21 22:02;HARVEST_BLOCK;pepeeja;DIM:0;-352;58;512;|;-35;5;51
23.03.21 22:02;LEFT_CLICK_BLOCK;pepeeja;DIM:0;-351;59;512;|;-35;5;51
23.03.21 22:02;HARVEST_BLOCK;pepeeja;DIM:0;-351;59;512;|;-35;5;51
23.03.21 22:02;LEFT_CLICK_BLOCK;pepeeja;DIM:0;-350;59;512;|;-35;5;51
23.03.21 22:02;HARVEST_BLOCK;pepeeja;DIM:0;-350;59;512;|;-35;5;51
23.03.21 22:02;LEFT_CLICK_BLOCK;pepeeja;DIM:0;-351;59;511;|;-35;5;51
23.03.21 22:02;HARVEST_BLOCK;pepeeja;DIM:0;-351;59;511;|;-35;5;51
23.03.21 22:02;LEFT_CLICK_BLOCK;pepeeja;DIM:0;-350;59;511;|;-35;5;51
23.03.21 22:02;HARVEST_BLOCK;pepeeja;DIM:0;-350;59;511;|;-35;5;51
23.03.21 22:02;LEFT_CLICK_BLOCK;pepeeja;DIM:0;-352;59;511;|;-35;5;51
23.03.21 22:02;HARVEST_BLOCK;pepeeja;DIM:0;-352;59;511;|;-35;5;51
23.03.21 22:02;LEFT_CLICK_BLOCK;pepeeja;DIM:0;-352;58;511;|;-35;5;51
23.03.21 22:02;LEFT_CLICK_BLOCK;pepeeja;DIM:0;-351;58;511;|;-35;5;51
23.03.21 22:02;HARVEST_BLOCK;pepeeja;DIM:0;-351;58;511;|;-35;5;51
23.03.21 22:02;LEFT_CLICK_BLOCK;pepeeja;DIM:0;-352;58;511;|;-35;5;51
23.03.21 22:02;HARVEST_BLOCK;pepeeja;DIM:0;-352;58;511;|;-35;5;51
23.03.21 22:02;LEFT_CLICK_BLOCK;pepeeja;DIM:0;-353;58;508;|;-35;5;50
23.03.21 22:02;HARVEST_BLOCK;pepeeja;DIM:0;-353;58;508;|;-35;5;50
23.03.21 22:02;LEFT_CLICK_BLOCK;pepeeja;DIM:0;-353;58;507;|;-35;5;50
23.03.21 22:02;HARVEST_BLOCK;pepeeja;DIM:0;-353;58;507;|;-35;5;50
23.03.21 22:02;LEFT_CLICK_BLOCK;pepeeja;DIM:0;-353;57;509;|;-35;5;50
23.03.21 22:02;LEFT_CLICK_BLOCK;pepeeja;DIM:0;-353;58;509;|;-35;5;50
23.03.21 22:02;HARVEST_BLOCK;pepeeja;DIM:0;-353;58;509;|;-35;5;50
23.03.21 22:02;LEFT_CLICK_BLOCK;pepeeja;DIM:0;-353;58;510;|;-35;5;51
23.03.21 22:02;LEFT_CLICK_BLOCK;pepeeja;DIM:0;-352;58;508;|;-35;5;50
23.03.21 22:02;HARVEST_BLOCK;pepeeja;DIM:0;-352;58;508;|;-35;5;50
23.03.21 22:02;LEFT_CLICK_BLOCK;pepeeja;DIM:0;-352;58;509;|;-35;5;50
23.03.21 22:02;HARVEST_BLOCK;pepeeja;DIM:0;-352;58;509;|;-35;5;50
23.03.21 22:02;LEFT_CLICK_BLOCK;pepeeja;DIM:0;-347;56;508;|;-34;5;50
23.03.21 22:02;HARVEST_BLOCK;pepeeja;DIM:0;-347;56;508;|;-34;5;50
23.03.21 22:02;LEFT_CLICK_BLOCK;pepeeja;DIM:0;-347;57;508;|;-34;5;50
23.03.21 22:03;HARVEST_BLOCK;pepeeja;DIM:0;-347;57;508;|;-34;5;50
23.03.21 22:03;RIGHT_CLICK_BLOCK;pepeeja;DIM:0;-347;58;507;|;-34;5;50
23.03.21 22:03;RIGHT_CLICK_BLOCK;pepeeja;DIM:0;-346;57;508;|;-34;5;50
23.03.21 22:03;LEFT_CLICK_BLOCK;pepeeja;DIM:0;-347;58;508;|;-34;5;50
23.03.21 22:03;HARVEST_BLOCK;pepeeja;DIM:0;-347;58;508;|;-34;5;50
23.03.21 22:03;LEFT_CLICK_BLOCK;pepeeja;DIM:0;-346;58;508;|;-34;5;50
23.03.21 22:03;RIGHT_CLICK_BLOCK;pepeeja;DIM:0;-347;58;507;|;-34;5;50
23.03.21 22:03;LEFT_CLICK_BLOCK;pepeeja;DIM:0;-346;58;509;|;-34;5;50
23.03.21 22:03;HARVEST_BLOCK;pepeeja;DIM:0;-346;58;509;|;-34;5;50
23.03.21 22:03;LEFT_CLICK_BLOCK;pepeeja;DIM:0;-346;57;509;|;-34;5;50
23.03.21 22:03;HARVEST_BLOCK;pepeeja;DIM:0;-346;57;509;|;-34;5;50
23.03.21 22:03;LEFT_CLICK_BLOCK;pepeeja;DIM:0;-345;57;509;|;-34;5;50
23.03.21 22:03;HARVEST_BLOCK;pepeeja;DIM:0;-345;57;509;|;-34;5;50
23.03.21 22:03;LEFT_CLICK_BLOCK;pepeeja;DIM:0;-347;56;509;|;-34;5;50
23.03.21 22:03;HARVEST_BLOCK;pepeeja;DIM:0;-347;56;509;|;-34;5;50
23.03.21 22:03;RIGHT_CLICK_BLOCK;pepeeja;DIM:0;-347;55;509;|;-34;5;50
23.03.21 22:03;LEFT_CLICK_BLOCK;pepeeja;DIM:0;-345;58;509;|;-34;5;50
23.03.21 22:03;HARVEST_BLOCK;pepeeja;DIM:0;-345;58;509;|;-34;5;50
23.03.21 22:03;LEFT_CLICK_BLOCK;pepeeja;DIM:0;-344;58;509;|;-34;5;50
23.03.21 22:03;LEFT_CLICK_BLOCK;pepeeja;DIM:0;-344;57;509;|;-34;5;50
23.03.21 22:03;HARVEST_BLOCK;pepeeja;DIM:0;-344;57;509;|;-34;5;50
23.03.21 22:03;LEFT_CLICK_BLOCK;pepeeja;DIM:0;-345;57;508;|;-34;5;50
23.03.21 22:03;HARVEST_BLOCK;pepeeja;DIM:0;-345;57;508;|;-34;5;50
23.03.21 22:03;LEFT_CLICK_BLOCK;pepeeja;DIM:0;-344;58;509;|;-34;5;50
23.03.21 22:03;HARVEST_BLOCK;pepeeja;DIM:0;-344;58;509;|;-34;5;50
23.03.21 22:03;LEFT_CLICK_BLOCK;pepeeja;DIM:0;-345;59;509;|;-34;5;50
23.03.21 22:03;HARVEST_BLOCK;pepeeja;DIM:0;-345;59;509;|;-34;5;50
23.03.21 22:03;LEFT_CLICK_BLOCK;pepeeja;DIM:0;-344;59;509;|;-34;5;50
23.03.21 22:03;HARVEST_BLOCK;pepeeja;DIM:0;-344;59;509;|;-34;5;50
23.03.21 22:03;LEFT_CLICK_BLOCK;pepeeja;DIM:0;-343;59;509;|;-34;5;50
23.03.21 22:03;LEFT_CLICK_BLOCK;pepeeja;DIM:0;-345;58;508;|;-34;5;50
23.03.21 22:03;HARVEST_BLOCK;pepeeja;DIM:0;-345;58;508;|;-34;5;50
23.03.21 22:03;LEFT_CLICK_BLOCK;pepeeja;DIM:0;-345;56;508;|;-34;5;50
23.03.21 22:03;HARVEST_BLOCK;pepeeja;DIM:0;-345;56;508;|;-34;5;50
23.03.21 22:03;LEFT_CLICK_BLOCK;pepeeja;DIM:0;-345;55;508;|;-34;5;50
23.03.21 22:03;LEFT_CLICK_BLOCK;pepeeja;DIM:0;-344;58;508;|;-34;5;50
23.03.21 22:03;HARVEST_BLOCK;pepeeja;DIM:0;-344;58;508;|;-34;5;50
23.03.21 22:03;LEFT_CLICK_BLOCK;pepeeja;DIM:0;-343;58;508;|;-34;5;50
23.03.21 22:03;LEFT_CLICK_BLOCK;pepeeja;DIM:0;-343;58;509;|;-34;5;50
23.03.21 22:03;HARVEST_BLOCK;pepeeja;DIM:0;-343;58;509;|;-34;5;50
23.03.21 22:03;LEFT_CLICK_BLOCK;pepeeja;DIM:0;-342;58;509;|;-34;5;50
23.03.21 22:03;LEFT_CLICK_BLOCK;pepeeja;DIM:0;-343;59;509;|;-34;5;50
23.03.21 22:03;HARVEST_BLOCK;pepeeja;DIM:0;-343;59;509;|;-34;5;50
23.03.21 22:03;LEFT_CLICK_BLOCK;pepeeja;DIM:0;-344;59;510;|;-34;5;51
23.03.21 22:03;HARVEST_BLOCK;pepeeja;DIM:0;-344;59;510;|;-34;5;51
23.03.21 22:03;LEFT_CLICK_BLOCK;pepeeja;DIM:0;-343;59;510;|;-34;5;51
23.03.21 22:03;LEFT_CLICK_BLOCK;pepeeja;DIM:0;-344;58;510;|;-34;5;51
23.03.21 22:03;HARVEST_BLOCK;pepeeja;DIM:0;-344;58;510;|;-34;5;51
23.03.21 22:03;LEFT_CLICK_BLOCK;pepeeja;DIM:0;-344;58;511;|;-34;5;51
23.03.21 22:03;LEFT_CLICK_BLOCK;pepeeja;DIM:0;-343;59;508;|;-34;5;50
23.03.21 22:03;HARVEST_BLOCK;pepeeja;DIM:0;-343;59;508;|;-34;5;50
23.03.21 22:03;LEFT_CLICK_BLOCK;pepeeja;DIM:0;-343;58;508;|;-34;5;50
23.03.21 22:03;HARVEST_BLOCK;pepeeja;DIM:0;-343;58;508;|;-34;5;50
23.03.21 22:03;LEFT_CLICK_BLOCK;pepeeja;DIM:0;-342;58;508;|;-34;5;50
23.03.21 22:03;HARVEST_BLOCK;pepeeja;DIM:0;-342;58;508;|;-34;5;50
23.03.21 22:03;LEFT_CLICK_BLOCK;pepeeja;DIM:0;-342;59;508;|;-34;5;50
23.03.21 22:03;HARVEST_BLOCK;pepeeja;DIM:0;-342;59;508;|;-34;5;50
23.03.21 22:03;LEFT_CLICK_BLOCK;pepeeja;DIM:0;-341;59;508;|;-34;5;50
23.03.21 22:03;LEFT_CLICK_BLOCK;pepeeja;DIM:0;-342;59;507;|;-34;5;50
23.03.21 22:03;HARVEST_BLOCK;pepeeja;DIM:0;-342;59;507;|;-34;5;50
23.03.21 22:03;LEFT_CLICK_BLOCK;pepeeja;DIM:0;-342;59;506;|;-34;5;50
23.03.21 22:03;LEFT_CLICK_BLOCK;pepeeja;DIM:0;-342;58;507;|;-34;5;50
23.03.21 22:03;HARVEST_BLOCK;pepeeja;DIM:0;-342;58;507;|;-34;5;50
23.03.21 22:03;LEFT_CLICK_BLOCK;pepeeja;DIM:0;-342;59;506;|;-34;5;50
23.03.21 22:03;HARVEST_BLOCK;pepeeja;DIM:0;-342;59;506;|;-34;5;50
23.03.21 22:03;LEFT_CLICK_BLOCK;pepeeja;DIM:0;-342;58;506;|;-34;5;50
23.03.21 22:03;HARVEST_BLOCK;pepeeja;DIM:0;-342;58;506;|;-34;5;50
23.03.21 22:03;LEFT_CLICK_BLOCK;pepeeja;DIM:0;-341;58;507;|;-34;5;50
23.03.21 22:03;HARVEST_BLOCK;pepeeja;DIM:0;-341;58;507;|;-34;5;50
23.03.21 22:03;LEFT_CLICK_BLOCK;pepeeja;DIM:0;-342;58;505;|;-34;5;50
23.03.21 22:03;HARVEST_BLOCK;pepeeja;DIM:0;-342;58;505;|;-34;5;50
23.03.21 22:03;LEFT_CLICK_BLOCK;pepeeja;DIM:0;-341;59;506;|;-34;5;50
23.03.21 22:03;HARVEST_BLOCK;pepeeja;DIM:0;-341;59;506;|;-34;5;50
23.03.21 22:03;LEFT_CLICK_BLOCK;pepeeja;DIM:0;-342;59;505;|;-34;5;50
23.03.21 22:03;HARVEST_BLOCK;pepeeja;DIM:0;-342;59;505;|;-34;5;50
23.03.21 22:03;LEFT_CLICK_BLOCK;pepeeja;DIM:0;-342;57;505;|;-34;5;50
23.03.21 22:03;LEFT_CLICK_BLOCK;pepeeja;DIM:0;-342;57;506;|;-34;5;50
23.03.21 22:03;HARVEST_BLOCK;pepeeja;DIM:0;-342;57;506;|;-34;5;50
23.03.21 22:03;LEFT_CLICK_BLOCK;pepeeja;DIM:0;-342;57;505;|;-34;5;50
23.03.21 22:03;HARVEST_BLOCK;pepeeja;DIM:0;-342;57;505;|;-34;5;50
23.03.21 22:03;LEFT_CLICK_BLOCK;pepeeja;DIM:0;-342;58;504;|;-34;5;50
23.03.21 22:03;HARVEST_BLOCK;pepeeja;DIM:0;-342;58;504;|;-34;5;50
23.03.21 22:03;LEFT_CLICK_BLOCK;pepeeja;DIM:0;-342;57;504;|;-34;5;50
23.03.21 22:03;HARVEST_BLOCK;pepeeja;DIM:0;-342;57;504;|;-34;5;50
23.03.21 22:03;LEFT_CLICK_BLOCK;pepeeja;DIM:0;-343;58;507;|;-34;5;50
23.03.21 22:03;LEFT_CLICK_BLOCK;pepeeja;DIM:0;-342;57;507;|;-34;5;50
23.03.21 22:03;HARVEST_BLOCK;pepeeja;DIM:0;-342;57;507;|;-34;5;50
23.03.21 22:03;LEFT_CLICK_BLOCK;pepeeja;DIM:0;-342;57;508;|;-34;5;50
23.03.21 22:03;HARVEST_BLOCK;pepeeja;DIM:0;-342;57;508;|;-34;5;50
23.03.21 22:04;LEFT_CLICK_BLOCK;pepeeja;DIM:0;-343;57;508;|;-34;5;50
23.03.21 22:04;HARVEST_BLOCK;pepeeja;DIM:0;-343;57;508;|;-34;5;50
23.03.21 22:04;LEFT_CLICK_BLOCK;pepeeja;DIM:0;-343;56;508;|;-34;5;50
23.03.21 22:04;LEFT_CLICK_BLOCK;pepeeja;DIM:0;-343;57;507;|;-34;5;50
23.03.21 22:04;HARVEST_BLOCK;pepeeja;DIM:0;-343;57;507;|;-34;5;50
23.03.21 22:04;LEFT_CLICK_BLOCK;pepeeja;DIM:0;-342;56;508;|;-34;5;50
23.03.21 22:04;HARVEST_BLOCK;pepeeja;DIM:0;-342;56;508;|;-34;5;50
23.03.21 22:04;LEFT_CLICK_BLOCK;pepeeja;DIM:0;-342;56;507;|;-34;5;50
23.03.21 22:04;HARVEST_BLOCK;pepeeja;DIM:0;-342;56;507;|;-34;5;50
23.03.21 22:04;LEFT_CLICK_BLOCK;pepeeja;DIM:0;-342;56;506;|;-34;5;50
23.03.21 22:04;HARVEST_BLOCK;pepeeja;DIM:0;-342;56;506;|;-34;5;50
23.03.21 22:04;LEFT_CLICK_BLOCK;pepeeja;DIM:0;-343;57;506;|;-34;5;50
23.03.21 22:04;HARVEST_BLOCK;pepeeja;DIM:0;-343;57;506;|;-34;5;50
23.03.21 22:04;LEFT_CLICK_BLOCK;pepeeja;DIM:0;-344;57;507;|;-34;5;50
23.03.21 22:04;HARVEST_BLOCK;pepeeja;DIM:0;-344;57;507;|;-34;5;50
23.03.21 22:04;LEFT_CLICK_BLOCK;pepeeja;DIM:0;-343;56;507;|;-34;5;50
23.03.21 22:04;HARVEST_BLOCK;pepeeja;DIM:0;-343;56;507;|;-34;5;50
23.03.21 22:04;LEFT_CLICK_BLOCK;pepeeja;DIM:0;-344;56;507;|;-34;5;50
23.03.21 22:04;HARVEST_BLOCK;pepeeja;DIM:0;-344;56;507;|;-34;5;50
23.03.21 22:04;LEFT_CLICK_BLOCK;pepeeja;DIM:0;-343;56;506;|;-34;5;50
23.03.21 22:04;LEFT_CLICK_BLOCK;pepeeja;DIM:0;-342;56;505;|;-34;5;50
23.03.21 22:04;HARVEST_BLOCK;pepeeja;DIM:0;-342;56;505;|;-34;5;50
23.03.21 22:04;LEFT_CLICK_BLOCK;pepeeja;DIM:0;-343;57;505;|;-34;5;50
23.03.21 22:04;HARVEST_BLOCK;pepeeja;DIM:0;-343;57;505;|;-34;5;50
23.03.21 22:04;RIGHT_CLICK_BLOCK;pepeeja;DIM:0;-342;55;505;|;-34;5;50
23.03.21 22:04;LEFT_CLICK_BLOCK;pepeeja;DIM:0;-343;56;505;|;-34;5;50
23.03.21 22:04;HARVEST_BLOCK;pepeeja;DIM:0;-343;56;505;|;-34;5;50
23.03.21 22:04;LEFT_CLICK_BLOCK;pepeeja;DIM:0;-344;56;505;|;-34;5;50
23.03.21 22:04;LEFT_CLICK_BLOCK;pepeeja;DIM:0;-344;57;505;|;-34;5;50
23.03.21 22:04;HARVEST_BLOCK;pepeeja;DIM:0;-344;57;505;|;-34;5;50
23.03.21 22:04;LEFT_CLICK_BLOCK;pepeeja;DIM:0;-344;56;505;|;-34;5;50
23.03.21 22:04;HARVEST_BLOCK;pepeeja;DIM:0;-344;56;505;|;-34;5;50
23.03.21 22:04;LEFT_CLICK_BLOCK;pepeeja;DIM:0;-344;56;504;|;-34;5;50
23.03.21 22:04;LEFT_CLICK_BLOCK;pepeeja;DIM:0;-343;57;504;|;-34;5;50
23.03.21 22:04;HARVEST_BLOCK;pepeeja;DIM:0;-343;57;504;|;-34;5;50
23.03.21 22:04;LEFT_CLICK_BLOCK;pepeeja;DIM:0;-343;58;505;|;-34;5;50
23.03.21 22:04;LEFT_CLICK_BLOCK;pepeeja;DIM:0;-344;58;505;|;-34;5;50
23.03.21 22:04;HARVEST_BLOCK;pepeeja;DIM:0;-344;58;505;|;-34;5;50
23.03.21 22:04;LEFT_CLICK_BLOCK;pepeeja;DIM:0;-344;58;506;|;-34;5;50
23.03.21 22:04;HARVEST_BLOCK;pepeeja;DIM:0;-344;58;506;|;-34;5;50
23.03.21 22:04;LEFT_CLICK_BLOCK;pepeeja;DIM:0;-344;57;506;|;-34;5;50
23.03.21 22:04;HARVEST_BLOCK;pepeeja;DIM:0;-344;57;506;|;-34;5;50
23.03.21 22:04;LEFT_CLICK_BLOCK;pepeeja;DIM:0;-344;59;506;|;-34;5;50
23.03.21 22:04;HARVEST_BLOCK;pepeeja;DIM:0;-344;59;506;|;-34;5;50
23.03.21 22:04;LEFT_CLICK_BLOCK;pepeeja;DIM:0;-343;55;505;|;-34;5;50
23.03.21 22:04;HARVEST_BLOCK;pepeeja;DIM:0;-343;55;505;|;-34;5;50
23.03.21 22:04;LEFT_CLICK_BLOCK;pepeeja;DIM:0;-341;56;506;|;-34;5;50
23.03.21 22:04;HARVEST_BLOCK;pepeeja;DIM:0;-341;56;506;|;-34;5;50
23.03.21 22:04;LEFT_CLICK_BLOCK;pepeeja;DIM:0;-341;57;506;|;-34;5;50
23.03.21 22:04;HARVEST_BLOCK;pepeeja;DIM:0;-341;57;506;|;-34;5;50
23.03.21 22:04;LEFT_CLICK_BLOCK;pepeeja;DIM:0;-340;56;506;|;-34;5;50
23.03.21 22:04;HARVEST_BLOCK;pepeeja;DIM:0;-340;56;506;|;-34;5;50
23.03.21 22:04;LEFT_CLICK_BLOCK;pepeeja;DIM:0;-340;57;506;|;-34;5;50
23.03.21 22:04;HARVEST_BLOCK;pepeeja;DIM:0;-340;57;506;|;-34;5;50
23.03.21 22:04;LEFT_CLICK_BLOCK;pepeeja;DIM:0;-339;57;506;|;-33;5;50
23.03.21 22:04;HARVEST_BLOCK;pepeeja;DIM:0;-339;57;506;|;-33;5;50
23.03.21 22:04;LEFT_CLICK_BLOCK;pepeeja;DIM:0;-341;58;505;|;-34;5;50
23.03.21 22:04;LEFT_CLICK_BLOCK;pepeeja;DIM:0;-341;59;505;|;-34;5;50
23.03.21 22:04;HARVEST_BLOCK;pepeeja;DIM:0;-341;59;505;|;-34;5;50
23.03.21 22:04;LEFT_CLICK_BLOCK;pepeeja;DIM:0;-341;58;505;|;-34;5;50
23.03.21 22:04;HARVEST_BLOCK;pepeeja;DIM:0;-341;58;505;|;-34;5;50
23.03.21 22:04;LEFT_CLICK_BLOCK;pepeeja;DIM:0;-341;59;504;|;-34;5;50
23.03.21 22:04;LEFT_CLICK_BLOCK;pepeeja;DIM:0;-343;57;509;|;-34;5;50
23.03.21 22:04;HARVEST_BLOCK;pepeeja;DIM:0;-343;57;509;|;-34;5;50
23.03.21 22:04;LEFT_CLICK_BLOCK;pepeeja;DIM:0;-343;57;510;|;-34;5;51
23.03.21 22:04;HARVEST_BLOCK;pepeeja;DIM:0;-343;57;510;|;-34;5;51
23.03.21 22:04;LEFT_CLICK_BLOCK;pepeeja;DIM:0;-343;58;510;|;-34;5;51
23.03.21 22:04;HARVEST_BLOCK;pepeeja;DIM:0;-343;58;510;|;-34;5;51
23.03.21 22:04;LEFT_CLICK_BLOCK;pepeeja;DIM:0;-343;57;511;|;-34;5;51
23.03.21 22:04;LEFT_CLICK_BLOCK;pepeeja;DIM:0;-343;58;511;|;-34;5;51
23.03.21 22:04;HARVEST_BLOCK;pepeeja;DIM:0;-343;58;511;|;-34;5;51
23.03.21 22:04;LEFT_CLICK_BLOCK;pepeeja;DIM:0;-343;57;511;|;-34;5;51
23.03.21 22:04;HARVEST_BLOCK;pepeeja;DIM:0;-343;57;511;|;-34;5;51
23.03.21 22:04;LEFT_CLICK_BLOCK;pepeeja;DIM:0;-343;58;512;|;-34;5;51
23.03.21 22:04;LEFT_CLICK_BLOCK;pepeeja;DIM:0;-342;58;511;|;-34;5;51
23.03.21 22:04;HARVEST_BLOCK;pepeeja;DIM:0;-342;58;511;|;-34;5;51
23.03.21 22:04;LEFT_CLICK_BLOCK;pepeeja;DIM:0;-343;57;512;|;-34;5;51
23.03.21 22:04;HARVEST_BLOCK;pepeeja;DIM:0;-343;57;512;|;-34;5;51
23.03.21 22:04;LEFT_CLICK_BLOCK;pepeeja;DIM:0;-343;56;511;|;-34;5;51
23.03.21 22:04;HARVEST_BLOCK;pepeeja;DIM:0;-343;56;511;|;-34;5;51
23.03.21 22:04;LEFT_CLICK_BLOCK;pepeeja;DIM:0;-342;57;511;|;-34;5;51
23.03.21 22:04;HARVEST_BLOCK;pepeeja;DIM:0;-342;57;511;|;-34;5;51
23.03.21 22:04;LEFT_CLICK_BLOCK;pepeeja;DIM:0;-343;56;512;|;-34;5;51
23.03.21 22:04;HARVEST_BLOCK;pepeeja;DIM:0;-343;56;512;|;-34;5;51
23.03.21 22:04;LEFT_CLICK_BLOCK;pepeeja;DIM:0;-343;58;512;|;-34;5;51
23.03.21 22:04;LEFT_CLICK_BLOCK;pepeeja;DIM:0;-343;57;513;|;-34;5;51
23.03.21 22:04;HARVEST_BLOCK;pepeeja;DIM:0;-343;57;513;|;-34;5;51
23.03.21 22:04;LEFT_CLICK_BLOCK;pepeeja;DIM:0;-343;56;513;|;-34;5;51
23.03.21 22:04;HARVEST_BLOCK;pepeeja;DIM:0;-343;56;513;|;-34;5;51
23.03.21 22:04;LEFT_CLICK_BLOCK;pepeeja;DIM:0;-344;57;513;|;-34;5;51
23.03.21 22:04;HARVEST_BLOCK;pepeeja;DIM:0;-344;57;513;|;-34;5;51
23.03.21 22:04;LEFT_CLICK_BLOCK;pepeeja;DIM:0;-344;56;513;|;-34;5;51
23.03.21 22:04;HARVEST_BLOCK;pepeeja;DIM:0;-344;56;513;|;-34;5;51
23.03.21 22:04;LEFT_CLICK_BLOCK;pepeeja;DIM:0;-343;56;514;|;-34;5;51
23.03.21 22:04;LEFT_CLICK_BLOCK;pepeeja;DIM:0;-342;56;513;|;-34;5;51
23.03.21 22:04;LEFT_CLICK_BLOCK;pepeeja;DIM:0;-343;56;514;|;-34;5;51
23.03.21 22:04;HARVEST_BLOCK;pepeeja;DIM:0;-343;56;514;|;-34;5;51
23.03.21 22:04;LEFT_CLICK_BLOCK;pepeeja;DIM:0;-343;57;514;|;-34;5;51
23.03.21 22:04;HARVEST_BLOCK;pepeeja;DIM:0;-343;57;514;|;-34;5;51
23.03.21 22:05;RIGHT_CLICK_BLOCK;pepeeja;DIM:0;-343;55;514;|;-34;5;51
23.03.21 22:05;LEFT_CLICK_BLOCK;pepeeja;DIM:0;-344;57;512;|;-34;5;51
23.03.21 22:05;LEFT_CLICK_BLOCK;pepeeja;DIM:0;-345;56;513;|;-34;5;51
23.03.21 22:05;HARVEST_BLOCK;pepeeja;DIM:0;-345;56;513;|;-34;5;51
23.03.21 22:05;LEFT_CLICK_BLOCK;pepeeja;DIM:0;-345;57;513;|;-34;5;51
23.03.21 22:05;HARVEST_BLOCK;pepeeja;DIM:0;-345;57;513;|;-34;5;51
23.03.21 22:05;LEFT_CLICK_BLOCK;pepeeja;DIM:0;-344;57;514;|;-34;5;51
23.03.21 22:05;HARVEST_BLOCK;pepeeja;DIM:0;-344;57;514;|;-34;5;51
23.03.21 22:05;LEFT_CLICK_BLOCK;pepeeja;DIM:0;-346;56;513;|;-34;5;51
23.03.21 22:05;HARVEST_BLOCK;pepeeja;DIM:0;-346;56;513;|;-34;5;51
23.03.21 22:05;LEFT_CLICK_BLOCK;pepeeja;DIM:0;-345;57;512;|;-34;5;51
23.03.21 22:05;HARVEST_BLOCK;pepeeja;DIM:0;-345;57;512;|;-34;5;51
23.03.21 22:05;LEFT_CLICK_BLOCK;pepeeja;DIM:0;-345;56;512;|;-34;5;51
23.03.21 22:05;HARVEST_BLOCK;pepeeja;DIM:0;-345;56;512;|;-34;5;51
23.03.21 22:05;LEFT_CLICK_BLOCK;pepeeja;DIM:0;-345;57;514;|;-34;5;51
23.03.21 22:05;LEFT_CLICK_BLOCK;pepeeja;DIM:0;-346;57;513;|;-34;5;51
23.03.21 22:05;HARVEST_BLOCK;pepeeja;DIM:0;-346;57;513;|;-34;5;51
23.03.21 22:05;LEFT_CLICK_BLOCK;pepeeja;DIM:0;-347;57;513;|;-34;5;51
23.03.21 22:05;HARVEST_BLOCK;pepeeja;DIM:0;-347;57;513;|;-34;5;51
23.03.21 22:05;LEFT_CLICK_BLOCK;pepeeja;DIM:0;-347;56;513;|;-34;5;51
23.03.21 22:05;HARVEST_BLOCK;pepeeja;DIM:0;-347;56;513;|;-34;5;51
23.03.21 22:05;LEFT_CLICK_BLOCK;pepeeja;DIM:0;-348;57;513;|;-34;5;51
23.03.21 22:05;HARVEST_BLOCK;pepeeja;DIM:0;-348;57;513;|;-34;5;51
23.03.21 22:05;LEFT_CLICK_BLOCK;pepeeja;DIM:0;-348;56;513;|;-34;5;51
23.03.21 22:05;HARVEST_BLOCK;pepeeja;DIM:0;-348;56;513;|;-34;5;51
23.03.21 22:05;LEFT_CLICK_BLOCK;pepeeja;DIM:0;-347;56;514;|;-34;5;51
23.03.21 22:05;HARVEST_BLOCK;pepeeja;DIM:0;-347;56;514;|;-34;5;51
23.03.21 22:05;LEFT_CLICK_BLOCK;pepeeja;DIM:0;-347;57;514;|;-34;5;51
23.03.21 22:05;LEFT_CLICK_BLOCK;pepeeja;DIM:0;-348;57;514;|;-34;5;51
23.03.21 22:05;HARVEST_BLOCK;pepeeja;DIM:0;-348;57;514;|;-34;5;51
23.03.21 22:05;LEFT_CLICK_BLOCK;pepeeja;DIM:0;-347;57;514;|;-34;5;51
23.03.21 22:05;HARVEST_BLOCK;pepeeja;DIM:0;-347;57;514;|;-34;5;51
23.03.21 22:05;LEFT_CLICK_BLOCK;pepeeja;DIM:0;-347;56;515;|;-34;5;51
23.03.21 22:05;LEFT_CLICK_BLOCK;pepeeja;DIM:0;-347;57;515;|;-34;5;51
23.03.21 22:05;HARVEST_BLOCK;pepeeja;DIM:0;-347;57;515;|;-34;5;51
23.03.21 22:05;LEFT_CLICK_BLOCK;pepeeja;DIM:0;-347;56;515;|;-34;5;51
23.03.21 22:05;HARVEST_BLOCK;pepeeja;DIM:0;-347;56;515;|;-34;5;51
23.03.21 22:05;LEFT_CLICK_BLOCK;pepeeja;DIM:0;-347;56;516;|;-34;5;51
23.03.21 22:05;LEFT_CLICK_BLOCK;pepeeja;DIM:0;-346;56;515;|;-34;5;51
23.03.21 22:05;HARVEST_BLOCK;pepeeja;DIM:0;-346;56;515;|;-34;5;51
23.03.21 22:05;LEFT_CLICK_BLOCK;pepeeja;DIM:0;-346;57;515;|;-34;5;51
23.03.21 22:05;HARVEST_BLOCK;pepeeja;DIM:0;-346;57;515;|;-34;5;51
23.03.21 22:05;LEFT_CLICK_BLOCK;pepeeja;DIM:0;-346;56;516;|;-34;5;51
23.03.21 22:05;LEFT_CLICK_BLOCK;pepeeja;DIM:0;-345;56;515;|;-34;5;51
23.03.21 22:05;HARVEST_BLOCK;pepeeja;DIM:0;-345;56;515;|;-34;5;51
23.03.21 22:05;LEFT_CLICK_BLOCK;pepeeja;DIM:0;-345;57;515;|;-34;5;51
23.03.21 22:05;HARVEST_BLOCK;pepeeja;DIM:0;-345;57;515;|;-34;5;51
23.03.21 22:05;LEFT_CLICK_BLOCK;pepeeja;DIM:0;-345;58;515;|;-34;5;51
23.03.21 22:05;LEFT_CLICK_BLOCK;pepeeja;DIM:0;-346;58;515;|;-34;5;51
23.03.21 22:05;HARVEST_BLOCK;pepeeja;DIM:0;-346;58;515;|;-34;5;51
23.03.21 22:05;LEFT_CLICK_BLOCK;pepeeja;DIM:0;-344;56;515;|;-34;5;51
23.03.21 22:05;LEFT_CLICK_BLOCK;pepeeja;DIM:0;-345;56;516;|;-34;5;51
23.03.21 22:05;HARVEST_BLOCK;pepeeja;DIM:0;-345;56;516;|;-34;5;51
23.03.21 22:05;LEFT_CLICK_BLOCK;pepeeja;DIM:0;-344;56;516;|;-34;5;51
23.03.21 22:05;LEFT_CLICK_BLOCK;pepeeja;DIM:0;-345;57;516;|;-34;5;51
23.03.21 22:05;HARVEST_BLOCK;pepeeja;DIM:0;-345;57;516;|;-34;5;51
23.03.21 22:05;LEFT_CLICK_BLOCK;pepeeja;DIM:0;-344;56;516;|;-34;5;51
23.03.21 22:05;HARVEST_BLOCK;pepeeja;DIM:0;-344;56;516;|;-34;5;51
23.03.21 22:05;LEFT_CLICK_BLOCK;pepeeja;DIM:0;-344;55;516;|;-34;5;51
23.03.21 22:05;LEFT_CLICK_BLOCK;pepeeja;DIM:0;-345;55;516;|;-34;5;51
23.03.21 22:05;LEFT_CLICK_BLOCK;pepeeja;DIM:0;-345;57;517;|;-34;5;51
23.03.21 22:05;HARVEST_BLOCK;pepeeja;DIM:0;-345;57;517;|;-34;5;51
23.03.21 22:05;LEFT_CLICK_BLOCK;pepeeja;DIM:0;-345;56;517;|;-34;5;51
23.03.21 22:05;HARVEST_BLOCK;pepeeja;DIM:0;-345;56;517;|;-34;5;51
23.03.21 22:05;LEFT_CLICK_BLOCK;pepeeja;DIM:0;-342;56;513;|;-34;5;51
23.03.21 22:05;HARVEST_BLOCK;pepeeja;DIM:0;-342;56;513;|;-34;5;51
23.03.21 22:05;LEFT_CLICK_BLOCK;pepeeja;DIM:0;-344;55;513;|;-34;5;51
23.03.21 22:05;HARVEST_BLOCK;pepeeja;DIM:0;-344;55;513;|;-34;5;51
23.03.21 22:05;LEFT_CLICK_BLOCK;pepeeja;DIM:0;-343;55;513;|;-34;5;51
23.03.21 22:05;HARVEST_BLOCK;pepeeja;DIM:0;-343;55;513;|;-34;5;51
23.03.21 22:05;LEFT_CLICK_BLOCK;pepeeja;DIM:0;-342;55;513;|;-34;5;51
23.03.21 22:05;HARVEST_BLOCK;pepeeja;DIM:0;-342;55;513;|;-34;5;51
23.03.21 22:05;LEFT_CLICK_BLOCK;pepeeja;DIM:0;-341;56;513;|;-34;5;51
23.03.21 22:05;HARVEST_BLOCK;pepeeja;DIM:0;-341;56;513;|;-34;5;51
23.03.21 22:05;LEFT_CLICK_BLOCK;pepeeja;DIM:0;-342;56;514;|;-34;5;51
23.03.21 22:05;HARVEST_BLOCK;pepeeja;DIM:0;-342;56;514;|;-34;5;51
23.03.21 22:05;LEFT_CLICK_BLOCK;pepeeja;DIM:0;-341;56;514;|;-34;5;51
23.03.21 22:05;HARVEST_BLOCK;pepeeja;DIM:0;-341;56;514;|;-34;5;51
23.03.21 22:05;LEFT_CLICK_BLOCK;pepeeja;DIM:0;-342;55;514;|;-34;5;51
23.03.21 22:05;HARVEST_BLOCK;pepeeja;DIM:0;-342;55;514;|;-34;5;51
23.03.21 22:05;LEFT_CLICK_BLOCK;pepeeja;DIM:0;-341;55;514;|;-34;5;51
23.03.21 22:05;LEFT_CLICK_BLOCK;pepeeja;DIM:0;-342;56;515;|;-34;5;51
23.03.21 22:05;HARVEST_BLOCK;pepeeja;DIM:0;-342;56;515;|;-34;5;51
23.03.21 22:05;LEFT_CLICK_BLOCK;pepeeja;DIM:0;-342;54;513;|;-34;5;51
23.03.21 22:05;HARVEST_BLOCK;pepeeja;DIM:0;-342;54;513;|;-34;5;51
23.03.21 22:05;LEFT_CLICK_BLOCK;pepeeja;DIM:0;-343;54;513;|;-34;5;51
23.03.21 22:05;HARVEST_BLOCK;pepeeja;DIM:0;-343;54;513;|;-34;5;51
23.03.21 22:05;LEFT_CLICK_BLOCK;pepeeja;DIM:0;-343;55;512;|;-34;5;51
23.03.21 22:05;HARVEST_BLOCK;pepeeja;DIM:0;-343;55;512;|;-34;5;51
23.03.21 22:05;LEFT_CLICK_BLOCK;pepeeja;DIM:0;-344;54;513;|;-34;5;51
23.03.21 22:05;HARVEST_BLOCK;pepeeja;DIM:0;-344;54;513;|;-34;5;51
23.03.21 22:05;LEFT_CLICK_BLOCK;pepeeja;DIM:0;-343;53;513;|;-34;5;51
23.03.21 22:05;HARVEST_BLOCK;pepeeja;DIM:0;-343;53;513;|;-34;5;51
23.03.21 22:05;LEFT_CLICK_BLOCK;pepeeja;DIM:0;-344;53;513;|;-34;5;51
23.03.21 22:05;HARVEST_BLOCK;pepeeja;DIM:0;-344;53;513;|;-34;5;51
23.03.21 22:05;LEFT_CLICK_BLOCK;pepeeja;DIM:0;-344;54;512;|;-34;5;51
23.03.21 22:05;HARVEST_BLOCK;pepeeja;DIM:0;-344;54;512;|;-34;5;51
23.03.21 22:06;LEFT_CLICK_BLOCK;pepeeja;DIM:0;-344;53;512;|;-34;5;51
23.03.21 22:06;HARVEST_BLOCK;pepeeja;DIM:0;-344;53;512;|;-34;5;51
23.03.21 22:06;LEFT_CLICK_BLOCK;pepeeja;DIM:0;-344;54;511;|;-34;5;51
23.03.21 22:06;HARVEST_BLOCK;pepeeja;DIM:0;-344;54;511;|;-34;5;51
23.03.21 22:06;LEFT_CLICK_BLOCK;pepeeja;DIM:0;-344;54;510;|;-34;5;51
23.03.21 22:06;LEFT_CLICK_BLOCK;pepeeja;DIM:0;-344;55;512;|;-34;5;51
23.03.21 22:06;HARVEST_BLOCK;pepeeja;DIM:0;-344;55;512;|;-34;5;51
23.03.21 22:06;LEFT_CLICK_BLOCK;pepeeja;DIM:0;-343;54;512;|;-34;5;51
23.03.21 22:06;HARVEST_BLOCK;pepeeja;DIM:0;-343;54;512;|;-34;5;51
23.03.21 22:06;LEFT_CLICK_BLOCK;pepeeja;DIM:0;-343;55;511;|;-34;5;51
23.03.21 22:06;HARVEST_BLOCK;pepeeja;DIM:0;-343;55;511;|;-34;5;51
23.03.21 22:06;LEFT_CLICK_BLOCK;pepeeja;DIM:0;-343;56;510;|;-34;5;51
23.03.21 22:06;HARVEST_BLOCK;pepeeja;DIM:0;-343;56;510;|;-34;5;51
23.03.21 22:06;LEFT_CLICK_BLOCK;pepeeja;DIM:0;-344;56;510;|;-34;5;51
23.03.21 22:06;HARVEST_BLOCK;pepeeja;DIM:0;-344;56;510;|;-34;5;51
23.03.21 22:06;LEFT_CLICK_BLOCK;pepeeja;DIM:0;-344;57;510;|;-34;5;51
23.03.21 22:06;HARVEST_BLOCK;pepeeja;DIM:0;-344;57;510;|;-34;5;51
23.03.21 22:06;LEFT_CLICK_BLOCK;pepeeja;DIM:0;-342;56;510;|;-34;5;51
23.03.21 22:06;HARVEST_BLOCK;pepeeja;DIM:0;-342;56;510;|;-34;5;51
23.03.21 22:06;LEFT_CLICK_BLOCK;pepeeja;DIM:0;-342;57;510;|;-34;5;51
23.03.21 22:06;HARVEST_BLOCK;pepeeja;DIM:0;-342;57;510;|;-34;5;51
23.03.21 22:06;LEFT_CLICK_BLOCK;pepeeja;DIM:0;-341;56;510;|;-34;5;51
23.03.21 22:06;HARVEST_BLOCK;pepeeja;DIM:0;-341;56;510;|;-34;5;51
23.03.21 22:06;LEFT_CLICK_BLOCK;pepeeja;DIM:0;-341;57;510;|;-34;5;51
23.03.21 22:06;HARVEST_BLOCK;pepeeja;DIM:0;-341;57;510;|;-34;5;51
23.03.21 22:06;LEFT_CLICK_BLOCK;pepeeja;DIM:0;-341;55;510;|;-34;5;51
23.03.21 22:06;HARVEST_BLOCK;pepeeja;DIM:0;-341;55;510;|;-34;5;51
23.03.21 22:06;LEFT_CLICK_BLOCK;pepeeja;DIM:0;-341;56;511;|;-34;5;51
23.03.21 22:06;HARVEST_BLOCK;pepeeja;DIM:0;-341;56;511;|;-34;5;51
23.03.21 22:06;LEFT_CLICK_BLOCK;pepeeja;DIM:0;-340;56;510;|;-34;5;51
23.03.21 22:06;LEFT_CLICK_BLOCK;pepeeja;DIM:0;-341;56;509;|;-34;5;50
23.03.21 22:06;HARVEST_BLOCK;pepeeja;DIM:0;-341;56;509;|;-34;5;50
23.03.21 22:06;LEFT_CLICK_BLOCK;pepeeja;DIM:0;-341;55;509;|;-34;5;50
23.03.21 22:06;LEFT_CLICK_BLOCK;pepeeja;DIM:0;-341;56;508;|;-34;5;50
23.03.21 22:06;LEFT_CLICK_BLOCK;pepeeja;DIM:0;-340;56;509;|;-34;5;50
23.03.21 22:06;LEFT_CLICK_BLOCK;pepeeja;DIM:0;-340;57;510;|;-34;5;51
23.03.21 22:06;HARVEST_BLOCK;pepeeja;DIM:0;-340;57;510;|;-34;5;51
23.03.21 22:06;LEFT_CLICK_BLOCK;pepeeja;DIM:0;-341;58;510;|;-34;5;51
23.03.21 22:06;HARVEST_BLOCK;pepeeja;DIM:0;-341;58;510;|;-34;5;51
23.03.21 22:06;LEFT_CLICK_BLOCK;pepeeja;DIM:0;-340;56;510;|;-34;5;51
23.03.21 22:06;HARVEST_BLOCK;pepeeja;DIM:0;-340;56;510;|;-34;5;51
23.03.21 22:06;LEFT_CLICK_BLOCK;pepeeja;DIM:0;-339;57;510;|;-33;5;51
23.03.21 22:06;HARVEST_BLOCK;pepeeja;DIM:0;-339;57;510;|;-33;5;51
23.03.21 22:06;LEFT_CLICK_BLOCK;pepeeja;DIM:0;-339;56;510;|;-33;5;51
23.03.21 22:06;HARVEST_BLOCK;pepeeja;DIM:0;-339;56;510;|;-33;5;51
23.03.21 22:07;LEFT_CLICK_BLOCK;pepeeja;DIM:0;-340;56;509;|;-34;5;50
23.03.21 22:07;HARVEST_BLOCK;pepeeja;DIM:0;-340;56;509;|;-34;5;50
23.03.21 22:07;LEFT_CLICK_BLOCK;pepeeja;DIM:0;-339;55;510;|;-33;5;51
23.03.21 22:07;HARVEST_BLOCK;pepeeja;DIM:0;-339;55;510;|;-33;5;51
23.03.21 22:07;LEFT_CLICK_BLOCK;pepeeja;DIM:0;-339;56;509;|;-33;5;50
23.03.21 22:07;HARVEST_BLOCK;pepeeja;DIM:0;-339;56;509;|;-33;5;50
23.03.21 22:07;LEFT_CLICK_BLOCK;pepeeja;DIM:0;-338;56;510;|;-33;5;51
23.03.21 22:07;HARVEST_BLOCK;pepeeja;DIM:0;-338;56;510;|;-33;5;51
23.03.21 22:07;LEFT_CLICK_BLOCK;pepeeja;DIM:0;-339;57;511;|;-33;5;51
23.03.21 22:07;LEFT_CLICK_BLOCK;pepeeja;DIM:0;-339;56;511;|;-33;5;51
23.03.21 22:07;LEFT_CLICK_BLOCK;pepeeja;DIM:0;-339;57;511;|;-33;5;51
23.03.21 22:07;HARVEST_BLOCK;pepeeja;DIM:0;-339;57;511;|;-33;5;51
23.03.21 22:07;LEFT_CLICK_BLOCK;pepeeja;DIM:0;-339;58;510;|;-33;5;51
23.03.21 22:07;HARVEST_BLOCK;pepeeja;DIM:0;-339;58;510;|;-33;5;51
23.03.21 22:07;LEFT_CLICK_BLOCK;pepeeja;DIM:0;-339;59;510;|;-33;5;51
23.03.21 22:07;HARVEST_BLOCK;pepeeja;DIM:0;-339;59;510;|;-33;5;51
23.03.21 22:07;LEFT_CLICK_BLOCK;pepeeja;DIM:0;-339;56;511;|;-33;5;51
23.03.21 22:07;HARVEST_BLOCK;pepeeja;DIM:0;-339;56;511;|;-33;5;51
23.03.21 22:07;LEFT_CLICK_BLOCK;pepeeja;DIM:0;-338;57;511;|;-33;5;51
23.03.21 22:07;HARVEST_BLOCK;pepeeja;DIM:0;-338;57;511;|;-33;5;51
23.03.21 22:07;LEFT_CLICK_BLOCK;pepeeja;DIM:0;-338;56;511;|;-33;5;51
23.03.21 22:07;HARVEST_BLOCK;pepeeja;DIM:0;-338;56;511;|;-33;5;51
23.03.21 22:07;LEFT_CLICK_BLOCK;pepeeja;DIM:0;-338;56;509;|;-33;5;50
23.03.21 22:07;LEFT_CLICK_BLOCK;pepeeja;DIM:0;-337;56;510;|;-33;5;51
23.03.21 22:07;HARVEST_BLOCK;pepeeja;DIM:0;-337;56;510;|;-33;5;51
23.03.21 22:07;LEFT_CLICK_BLOCK;pepeeja;DIM:0;-338;55;510;|;-33;5;51
23.03.21 22:07;HARVEST_BLOCK;pepeeja;DIM:0;-338;55;510;|;-33;5;51
23.03.21 22:07;LEFT_CLICK_BLOCK;pepeeja;DIM:0;-337;56;511;|;-33;5;51
23.03.21 22:07;HARVEST_BLOCK;pepeeja;DIM:0;-337;56;511;|;-33;5;51
23.03.21 22:07;LEFT_CLICK_BLOCK;pepeeja;DIM:0;-337;57;511;|;-33;5;51
23.03.21 22:07;HARVEST_BLOCK;pepeeja;DIM:0;-337;57;511;|;-33;5;51
23.03.21 22:07;LEFT_CLICK_BLOCK;pepeeja;DIM:0;-336;57;511;|;-33;5;51
23.03.21 22:07;HARVEST_BLOCK;pepeeja;DIM:0;-336;57;511;|;-33;5;51
23.03.21 22:07;LEFT_CLICK_BLOCK;pepeeja;DIM:0;-336;56;511;|;-33;5;51
23.03.21 22:07;HARVEST_BLOCK;pepeeja;DIM:0;-336;56;511;|;-33;5;51
23.03.21 22:07;RIGHT_CLICK_BLOCK;pepeeja;DIM:0;-336;55;511;|;-33;5;51
23.03.21 22:07;LEFT_CLICK_BLOCK;pepeeja;DIM:0;-336;57;510;|;-33;5;51
23.03.21 22:07;HARVEST_BLOCK;pepeeja;DIM:0;-336;57;510;|;-33;5;51
23.03.21 22:07;LEFT_CLICK_BLOCK;pepeeja;DIM:0;-336;58;511;|;-33;5;51
23.03.21 22:07;HARVEST_BLOCK;pepeeja;DIM:0;-336;58;511;|;-33;5;51
23.03.21 22:07;LEFT_CLICK_BLOCK;pepeeja;DIM:0;-336;57;512;|;-33;5;51
23.03.21 22:07;HARVEST_BLOCK;pepeeja;DIM:0;-336;57;512;|;-33;5;51
23.03.21 22:07;LEFT_CLICK_BLOCK;pepeeja;DIM:0;-335;56;511;|;-33;5;51
23.03.21 22:07;HARVEST_BLOCK;pepeeja;DIM:0;-335;56;511;|;-33;5;51
23.03.21 22:07;LEFT_CLICK_BLOCK;pepeeja;DIM:0;-335;57;511;|;-33;5;51
23.03.21 22:07;HARVEST_BLOCK;pepeeja;DIM:0;-335;57;511;|;-33;5;51
23.03.21 22:08;LEFT_CLICK_BLOCK;pepeeja;DIM:0;-334;57;511;|;-33;5;51
23.03.21 22:08;HARVEST_BLOCK;pepeeja;DIM:0;-334;57;511;|;-33;5;51
23.03.21 22:08;LEFT_CLICK_BLOCK;pepeeja;DIM:0;-333;57;511;|;-33;5;51
23.03.21 22:08;LEFT_CLICK_BLOCK;pepeeja;DIM:0;-335;58;511;|;-33;5;51
23.03.21 22:08;RIGHT_CLICK_BLOCK;pepeeja;DIM:0;-336;56;510;|;-33;5;51
23.03.21 22:08;LEFT_CLICK_BLOCK;pepeeja;DIM:0;-334;56;511;|;-33;5;51
23.03.21 22:08;HARVEST_BLOCK;pepeeja;DIM:0;-334;56;511;|;-33;5;51
23.03.21 22:08;LEFT_CLICK_BLOCK;pepeeja;DIM:0;-335;56;512;|;-33;5;51
23.03.21 22:08;HARVEST_BLOCK;pepeeja;DIM:0;-335;56;512;|;-33;5;51
23.03.21 22:08;LEFT_CLICK_BLOCK;pepeeja;DIM:0;-334;55;511;|;-33;5;51
23.03.21 22:08;LEFT_CLICK_BLOCK;pepeeja;DIM:0;-335;56;510;|;-33;5;51
23.03.21 22:08;HARVEST_BLOCK;pepeeja;DIM:0;-335;56;510;|;-33;5;51
23.03.21 22:08;LEFT_CLICK_BLOCK;pepeeja;DIM:0;-334;56;510;|;-33;5;51
23.03.21 22:08;LEFT_CLICK_BLOCK;pepeeja;DIM:0;-335;57;510;|;-33;5;51
23.03.21 22:08;LEFT_CLICK_BLOCK;pepeeja;DIM:0;-334;57;510;|;-33;5;51
23.03.21 22:08;HARVEST_BLOCK;pepeeja;DIM:0;-334;57;510;|;-33;5;51
23.03.21 22:08;LEFT_CLICK_BLOCK;pepeeja;DIM:0;-333;56;511;|;-33;5;51
23.03.21 22:08;HARVEST_BLOCK;pepeeja;DIM:0;-333;56;511;|;-33;5;51
23.03.21 22:08;LEFT_CLICK_BLOCK;pepeeja;DIM:0;-334;57;512;|;-33;5;51
23.03.21 22:08;HARVEST_BLOCK;pepeeja;DIM:0;-334;57;512;|;-33;5;51
23.03.21 22:08;LEFT_CLICK_BLOCK;pepeeja;DIM:0;-333;57;511;|;-33;5;51
23.03.21 22:08;HARVEST_BLOCK;pepeeja;DIM:0;-333;57;511;|;-33;5;51
23.03.21 22:08;LEFT_CLICK_BLOCK;pepeeja;DIM:0;-332;57;511;|;-33;5;51
23.03.21 22:08;LEFT_CLICK_BLOCK;pepeeja;DIM:0;-332;56;511;|;-33;5;51
23.03.21 22:08;HARVEST_BLOCK;pepeeja;DIM:0;-332;56;511;|;-33;5;51
23.03.21 22:08;LEFT_CLICK_BLOCK;pepeeja;DIM:0;-332;57;511;|;-33;5;51
23.03.21 22:08;HARVEST_BLOCK;pepeeja;DIM:0;-332;57;511;|;-33;5;51
23.03.21 22:08;LEFT_CLICK_BLOCK;pepeeja;DIM:0;-331;56;511;|;-33;5;51
23.03.21 22:08;LEFT_CLICK_BLOCK;pepeeja;DIM:0;-332;56;510;|;-33;5;51
23.03.21 22:08;LEFT_CLICK_BLOCK;pepeeja;DIM:0;-333;56;510;|;-33;5;51
23.03.21 22:08;HARVEST_BLOCK;pepeeja;DIM:0;-333;56;510;|;-33;5;51
23.03.21 22:08;LEFT_CLICK_BLOCK;pepeeja;DIM:0;-333;57;510;|;-33;5;51
23.03.21 22:08;HARVEST_BLOCK;pepeeja;DIM:0;-333;57;510;|;-33;5;51
23.03.21 22:08;LEFT_CLICK_BLOCK;pepeeja;DIM:0;-334;57;509;|;-33;5;50
23.03.21 22:08;HARVEST_BLOCK;pepeeja;DIM:0;-334;57;509;|;-33;5;50
23.03.21 22:08;LEFT_CLICK_BLOCK;pepeeja;DIM:0;-334;56;509;|;-33;5;50
23.03.21 22:08;LEFT_CLICK_BLOCK;pepeeja;DIM:0;-334;56;510;|;-33;5;51
23.03.21 22:08;HARVEST_BLOCK;pepeeja;DIM:0;-334;56;510;|;-33;5;51
23.03.21 22:08;LEFT_CLICK_BLOCK;pepeeja;DIM:0;-335;57;510;|;-33;5;51
23.03.21 22:08;HARVEST_BLOCK;pepeeja;DIM:0;-335;57;510;|;-33;5;51
23.03.21 22:08;LEFT_CLICK_BLOCK;pepeeja;DIM:0;-335;56;509;|;-33;5;50
23.03.21 22:08;HARVEST_BLOCK;pepeeja;DIM:0;-335;56;509;|;-33;5;50
23.03.21 22:08;LEFT_CLICK_BLOCK;pepeeja;DIM:0;-335;57;509;|;-33;5;50
23.03.21 22:08;HARVEST_BLOCK;pepeeja;DIM:0;-335;57;509;|;-33;5;50
23.03.21 22:08;LEFT_CLICK_BLOCK;pepeeja;DIM:0;-335;57;512;|;-33;5;51
23.03.21 22:08;HARVEST_BLOCK;pepeeja;DIM:0;-335;57;512;|;-33;5;51
23.03.21 22:08;LEFT_CLICK_BLOCK;pepeeja;DIM:0;-335;57;513;|;-33;5;51
23.03.21 22:08;LEFT_CLICK_BLOCK;pepeeja;DIM:0;-334;57;513;|;-33;5;51
23.03.21 22:08;HARVEST_BLOCK;pepeeja;DIM:0;-334;57;513;|;-33;5;51
23.03.21 22:08;LEFT_CLICK_BLOCK;pepeeja;DIM:0;-333;57;513;|;-33;5;51
23.03.21 22:08;LEFT_CLICK_BLOCK;pepeeja;DIM:0;-334;58;512;|;-33;5;51
23.03.21 22:08;HARVEST_BLOCK;pepeeja;DIM:0;-334;58;512;|;-33;5;51
23.03.21 22:08;LEFT_CLICK_BLOCK;pepeeja;DIM:0;-333;57;513;|;-33;5;51
23.03.21 22:08;LEFT_CLICK_BLOCK;pepeeja;DIM:0;-334;56;513;|;-33;5;51
23.03.21 22:08;LEFT_CLICK_BLOCK;pepeeja;DIM:0;-334;56;512;|;-33;5;51
23.03.21 22:08;HARVEST_BLOCK;pepeeja;DIM:0;-334;56;512;|;-33;5;51
23.03.21 22:08;LEFT_CLICK_BLOCK;pepeeja;DIM:0;-335;55;512;|;-33;5;51
23.03.21 22:08;HARVEST_BLOCK;pepeeja;DIM:0;-335;55;512;|;-33;5;51
23.03.21 22:08;LEFT_CLICK_BLOCK;pepeeja;DIM:0;-335;55;513;|;-33;5;51
23.03.21 22:08;LEFT_CLICK_BLOCK;pepeeja;DIM:0;-333;58;512;|;-33;5;51
23.03.21 22:08;HARVEST_BLOCK;pepeeja;DIM:0;-333;58;512;|;-33;5;51
23.03.21 22:08;LEFT_CLICK_BLOCK;pepeeja;DIM:0;-333;57;512;|;-33;5;51
23.03.21 22:08;HARVEST_BLOCK;pepeeja;DIM:0;-333;57;512;|;-33;5;51
23.03.21 22:08;LEFT_CLICK_BLOCK;pepeeja;DIM:0;-332;58;512;|;-33;5;51
23.03.21 22:08;HARVEST_BLOCK;pepeeja;DIM:0;-332;58;512;|;-33;5;51
23.03.21 22:09;LEFT_CLICK_BLOCK;pepeeja;DIM:0;-334;56;513;|;-33;5;51
23.03.21 22:09;HARVEST_BLOCK;pepeeja;DIM:0;-334;56;513;|;-33;5;51
23.03.21 22:09;LEFT_CLICK_BLOCK;pepeeja;DIM:0;-334;57;514;|;-33;5;51
23.03.21 22:09;HARVEST_BLOCK;pepeeja;DIM:0;-334;57;514;|;-33;5;51
23.03.21 22:09;LEFT_CLICK_BLOCK;pepeeja;DIM:0;-334;56;514;|;-33;5;51
23.03.21 22:09;LEFT_CLICK_BLOCK;pepeeja;DIM:0;-333;56;513;|;-33;5;51
23.03.21 22:09;HARVEST_BLOCK;pepeeja;DIM:0;-333;56;513;|;-33;5;51
23.03.21 22:09;LEFT_CLICK_BLOCK;pepeeja;DIM:0;-334;56;514;|;-33;5;51
23.03.21 22:09;HARVEST_BLOCK;pepeeja;DIM:0;-334;56;514;|;-33;5;51
23.03.21 22:09;LEFT_CLICK_BLOCK;pepeeja;DIM:0;-334;56;515;|;-33;5;51
23.03.21 22:09;LEFT_CLICK_BLOCK;pepeeja;DIM:0;-335;57;514;|;-33;5;51
23.03.21 22:09;HARVEST_BLOCK;pepeeja;DIM:0;-335;57;514;|;-33;5;51
23.03.21 22:09;LEFT_CLICK_BLOCK;pepeeja;DIM:0;-335;56;514;|;-33;5;51
23.03.21 22:09;HARVEST_BLOCK;pepeeja;DIM:0;-335;56;514;|;-33;5;51
23.03.21 22:09;LEFT_CLICK_BLOCK;pepeeja;DIM:0;-336;57;514;|;-33;5;51
23.03.21 22:09;HARVEST_BLOCK;pepeeja;DIM:0;-336;57;514;|;-33;5;51
23.03.21 22:09;LEFT_CLICK_BLOCK;pepeeja;DIM:0;-336;56;514;|;-33;5;51
23.03.21 22:09;HARVEST_BLOCK;pepeeja;DIM:0;-336;56;514;|;-33;5;51
23.03.21 22:09;LEFT_CLICK_BLOCK;pepeeja;DIM:0;-335;56;515;|;-33;5;51
23.03.21 22:09;HARVEST_BLOCK;pepeeja;DIM:0;-335;56;515;|;-33;5;51
23.03.21 22:09;LEFT_CLICK_BLOCK;pepeeja;DIM:0;-335;55;514;|;-33;5;51
23.03.21 22:09;HARVEST_BLOCK;pepeeja;DIM:0;-335;55;514;|;-33;5;51
23.03.21 22:09;LEFT_CLICK_BLOCK;pepeeja;DIM:0;-336;55;514;|;-33;5;51
23.03.21 22:09;HARVEST_BLOCK;pepeeja;DIM:0;-336;55;514;|;-33;5;51
23.03.21 22:09;LEFT_CLICK_BLOCK;pepeeja;DIM:0;-336;55;513;|;-33;5;51
23.03.21 22:09;HARVEST_BLOCK;pepeeja;DIM:0;-336;55;513;|;-33;5;51
23.03.21 22:09;LEFT_CLICK_BLOCK;pepeeja;DIM:0;-337;55;513;|;-33;5;51
23.03.21 22:09;LEFT_CLICK_BLOCK;pepeeja;DIM:0;-333;57;513;|;-33;5;51
23.03.21 22:09;HARVEST_BLOCK;pepeeja;DIM:0;-333;57;513;|;-33;5;51
23.03.21 22:09;LEFT_CLICK_BLOCK;pepeeja;DIM:0;-332;56;513;|;-33;5;51
23.03.21 22:09;HARVEST_BLOCK;pepeeja;DIM:0;-332;56;513;|;-33;5;51
23.03.21 22:09;LEFT_CLICK_BLOCK;pepeeja;DIM:0;-332;57;513;|;-33;5;51
23.03.21 22:09;HARVEST_BLOCK;pepeeja;DIM:0;-332;57;513;|;-33;5;51
23.03.21 22:09;LEFT_CLICK_BLOCK;pepeeja;DIM:0;-331;56;513;|;-33;5;51
23.03.21 22:09;RIGHT_CLICK_BLOCK;pepeeja;DIM:0;-344;61;507;|;-34;6;50
23.03.21 22:10;RIGHT_CLICK_BLOCK;pepeeja;DIM:0;-344;70;507;|;-34;7;50
23.03.21 22:11;RIGHT_CLICK_BLOCK;pepeeja;DIM:0;-255;76;175;|;-25;7;17
23.03.21 22:12;RIGHT_CLICK_BLOCK;pepeeja;DIM:0;-258;76;176;|;-25;7;17
23.03.21 22:12;RIGHT_CLICK_BLOCK;pepeeja;DIM:0;-254;75;185;|;-25;7;18
23.03.21 22:12;RIGHT_CLICK_BLOCK;pepeeja;DIM:0;-256;76;176;|;-25;7;17
23.03.21 22:12;RIGHT_CLICK_BLOCK;pepeeja;DIM:0;-255;76;190;|;-25;7;19
23.03.21 22:12;RIGHT_CLICK_BLOCK;pepeeja;DIM:0;-258;76;176;|;-25;7;17
23.03.21 22:12;RIGHT_CLICK_BLOCK;pepeeja;DIM:0;-254;75;183;|;-25;7;18
23.03.21 22:12;RIGHT_CLICK_BLOCK;pepeeja;DIM:0;-254;75;185;|;-25;7;18
23.03.21 22:13;RIGHT_CLICK_BLOCK;pepeeja;DIM:0;-254;76;185;|;-25;7;18
23.03.21 22:13;RIGHT_CLICK_BLOCK;pepeeja;DIM:0;-260;77;188;|;-26;7;18
23.03.21 22:13;RIGHT_CLICK_BLOCK;pepeeja;DIM:0;-260;77;187;|;-26;7;18
23.03.21 22:13;RIGHT_CLICK_BLOCK;pepeeja;DIM:0;-256;76;176;|;-25;7;17
23.03.21 22:13;RIGHT_CLICK_BLOCK;pepeeja;DIM:0;-254;75;183;|;-25;7;18
23.03.21 22:13;RIGHT_CLICK_BLOCK;pepeeja;DIM:0;-260;75;180;|;-26;7;18
23.03.21 22:13;RIGHT_CLICK_BLOCK;pepeeja;DIM:0;-259;76;176;|;-25;7;17
23.03.21 22:13;RIGHT_CLICK_BLOCK;pepeeja;DIM:0;-256;76;176;|;-25;7;17
23.03.21 22:13;RIGHT_CLICK_BLOCK;pepeeja;DIM:0;-256;75;176;|;-25;7;17
23.03.21 22:13;RIGHT_CLICK_BLOCK;pepeeja;DIM:0;-259;75;176;|;-25;7;17
23.03.21 22:13;RIGHT_CLICK_BLOCK;pepeeja;DIM:0;-258;76;176;|;-25;7;17
23.03.21 22:14;RIGHT_CLICK_BLOCK;pepeeja;DIM:0;-260;76;185;|;-26;7;18
23.03.21 22:14;RIGHT_CLICK_BLOCK;pepeeja;DIM:0;-257;74;181;|;-25;7;18
23.03.21 22:14;RIGHT_CLICK_BLOCK;pepeeja;DIM:0;-256;76;176;|;-25;7;17
23.03.21 22:15;RIGHT_CLICK_BLOCK;pepeeja;DIM:0;-256;76;176;|;-25;7;17
23.03.21 22:15;RIGHT_CLICK_BLOCK;pepeeja;DIM:0;-259;76;176;|;-25;7;17
23.03.21 22:15;RIGHT_CLICK_BLOCK;pepeeja;DIM:0;-259;75;176;|;-25;7;17
23.03.21 22:15;RIGHT_CLICK_BLOCK;pepeeja;DIM:0;-259;76;176;|;-25;7;17
23.03.21 22:15;RIGHT_CLICK_BLOCK;pepeeja;DIM:0;-259;75;176;|;-25;7;17
23.03.21 22:15;RIGHT_CLICK_BLOCK;pepeeja;DIM:0;-256;76;176;|;-25;7;17
23.03.21 22:15;RIGHT_CLICK_BLOCK;pepeeja;DIM:0;-256;75;176;|;-25;7;17
23.03.21 22:15;RIGHT_CLICK_BLOCK;pepeeja;DIM:0;-260;75;176;|;-26;7;17
23.03.21 22:15;RIGHT_CLICK_BLOCK;pepeeja;DIM:0;-260;76;176;|;-26;7;17
23.03.21 22:15;RIGHT_CLICK_BLOCK;pepeeja;DIM:0;-257;76;176;|;-25;7;17
23.03.21 22:16;RIGHT_CLICK_BLOCK;pepeeja;DIM:0;-260;76;176;|;-26;7;17
23.03.21 22:16;RIGHT_CLICK_BLOCK;pepeeja;DIM:0;-260;75;176;|;-26;7;17
23.03.21 22:16;RIGHT_CLICK_BLOCK;pepeeja;DIM:0;-259;76;176;|;-25;7;17
23.03.21 22:16;RIGHT_CLICK_BLOCK;pepeeja;DIM:0;-259;75;176;|;-25;7;17
23.03.21 22:16;LEFT_CLICK_BLOCK;pepeeja;DIM:0;-260;77;188;|;-26;7;18
23.03.21 22:16;RIGHT_CLICK_BLOCK;pepeeja;DIM:0;-258;76;176;|;-25;7;17
23.03.21 22:16;RIGHT_CLICK_BLOCK;pepeeja;DIM:0;-258;75;176;|;-25;7;17
23.03.21 22:16;RIGHT_CLICK_BLOCK;pepeeja;DIM:0;-259;76;176;|;-25;7;17
23.03.21 22:16;RIGHT_CLICK_BLOCK;pepeeja;DIM:0;-259;75;176;|;-25;7;17
23.03.21 22:16;RIGHT_CLICK_BLOCK;pepeeja;DIM:0;-258;76;176;|;-25;7;17
23.03.21 22:16;RIGHT_CLICK_BLOCK;pepeeja;DIM:0;-258;75;176;|;-25;7;17
23.03.21 22:16;RIGHT_CLICK_BLOCK;pepeeja;DIM:0;-260;75;176;|;-26;7;17
23.03.21 22:16;RIGHT_CLICK_BLOCK;pepeeja;DIM:0;-256;76;176;|;-25;7;17
23.03.21 22:16;RIGHT_CLICK_BLOCK;pepeeja;DIM:0;-257;76;176;|;-25;7;17
23.03.21 22:16;RIGHT_CLICK_BLOCK;pepeeja;DIM:0;-260;76;176;|;-26;7;17
23.03.21 22:16;RIGHT_CLICK_BLOCK;pepeeja;DIM:0;-259;75;176;|;-25;7;17
23.03.21 22:16;RIGHT_CLICK_BLOCK;pepeeja;DIM:0;-259;76;176;|;-25;7;17
23.03.21 22:16;RIGHT_CLICK_BLOCK;pepeeja;DIM:0;-257;76;176;|;-25;7;17
23.03.21 22:17;RIGHT_CLICK_BLOCK;pepeeja;DIM:0;-258;76;176;|;-25;7;17
23.03.21 22:17;RIGHT_CLICK_BLOCK;pepeeja;DIM:0;-258;75;176;|;-25;7;17
23.03.21 22:17;RIGHT_CLICK_BLOCK;pepeeja;DIM:0;-260;75;180;|;-26;7;18
23.03.21 22:17;RIGHT_CLICK_BLOCK;pepeeja;DIM:0;-260;75;176;|;-26;7;17
23.03.21 22:17;RIGHT_CLICK_BLOCK;pepeeja;DIM:0;-259;76;176;|;-25;7;17
23.03.21 22:17;RIGHT_CLICK_BLOCK;pepeeja;DIM:0;-258;76;176;|;-25;7;17
23.03.21 22:17;RIGHT_CLICK_BLOCK;pepeeja;DIM:0;-259;76;176;|;-25;7;17
23.03.21 22:17;RIGHT_CLICK_BLOCK;pepeeja;DIM:0;-259;75;176;|;-25;7;17
23.03.21 22:17;RIGHT_CLICK_BLOCK;pepeeja;DIM:0;-258;75;176;|;-25;7;17
23.03.21 22:17;RIGHT_CLICK_BLOCK;pepeeja;DIM:0;-258;76;176;|;-25;7;17
23.03.21 22:17;RIGHT_CLICK_BLOCK;pepeeja;DIM:0;-257;76;176;|;-25;7;17
23.03.21 22:17;RIGHT_CLICK_BLOCK;pepeeja;DIM:0;-258;76;176;|;-25;7;17
23.03.21 22:17;RIGHT_CLICK_BLOCK;pepeeja;DIM:0;-259;76;176;|;-25;7;17
23.03.21 22:17;RIGHT_CLICK_BLOCK;pepeeja;DIM:0;-259;76;176;|;-25;7;17
23.03.21 22:17;RIGHT_CLICK_BLOCK;pepeeja;DIM:0;-259;75;176;|;-25;7;17
23.03.21 22:17;RIGHT_CLICK_BLOCK;pepeeja;DIM:0;-257;76;176;|;-25;7;17
23.03.21 22:18;RIGHT_CLICK_BLOCK;pepeeja;DIM:0;-260;76;176;|;-26;7;17
23.03.21 22:18;RIGHT_CLICK_BLOCK;pepeeja;DIM:0;-260;75;176;|;-26;7;17
23.03.21 22:18;RIGHT_CLICK_BLOCK;pepeeja;DIM:0;-257;75;176;|;-25;7;17
23.03.21 22:18;RIGHT_CLICK_BLOCK;pepeeja;DIM:0;-257;76;176;|;-25;7;17
23.03.21 22:18;RIGHT_CLICK_BLOCK;pepeeja;DIM:0;-258;76;176;|;-25;7;17
23.03.21 22:18;RIGHT_CLICK_BLOCK;pepeeja;DIM:0;-255;76;190;|;-25;7;19
23.03.21 22:18;RIGHT_CLICK_BLOCK;pepeeja;DIM:0;-258;76;176;|;-25;7;17
23.03.21 22:18;RIGHT_CLICK_BLOCK;pepeeja;DIM:0;-257;76;176;|;-25;7;17
23.03.21 22:18;RIGHT_CLICK_BLOCK;pepeeja;DIM:0;-259;76;176;|;-25;7;17
23.03.21 22:18;RIGHT_CLICK_BLOCK;pepeeja;DIM:0;-260;75;176;|;-26;7;17
23.03.21 22:19;RIGHT_CLICK_BLOCK;pepeeja;DIM:0;-258;76;176;|;-25;7;17
23.03.21 22:19;RIGHT_CLICK_BLOCK;pepeeja;DIM:0;-258;75;176;|;-25;7;17
23.03.21 22:19;RIGHT_CLICK_BLOCK;pepeeja;DIM:0;-258;76;176;|;-25;7;17
23.03.21 22:19;RIGHT_CLICK_BLOCK;pepeeja;DIM:0;-260;76;176;|;-26;7;17
23.03.21 22:19;RIGHT_CLICK_BLOCK;pepeeja;DIM:0;-259;75;176;|;-25;7;17
23.03.21 22:19;RIGHT_CLICK_BLOCK;pepeeja;DIM:0;-258;76;176;|;-25;7;17
23.03.21 22:19;RIGHT_CLICK_BLOCK;pepeeja;DIM:0;-258;75;176;|;-25;7;17
23.03.21 22:19;RIGHT_CLICK_BLOCK;pepeeja;DIM:0;-257;75;176;|;-25;7;17
23.03.21 22:19;RIGHT_CLICK_BLOCK;pepeeja;DIM:0;-259;76;176;|;-25;7;17
23.03.21 22:19;RIGHT_CLICK_BLOCK;pepeeja;DIM:0;-259;75;176;|;-25;7;17
23.03.21 22:19;RIGHT_CLICK_BLOCK;pepeeja;DIM:0;-257;75;176;|;-25;7;17
23.03.21 22:19;RIGHT_CLICK_BLOCK;pepeeja;DIM:0;-258;76;176;|;-25;7;17
23.03.21 22:19;RIGHT_CLICK_BLOCK;pepeeja;DIM:0;-258;76;176;|;-25;7;17
23.03.21 22:19;RIGHT_CLICK_BLOCK;pepeeja;DIM:0;-260;76;176;|;-26;7;17
23.03.21 22:19;RIGHT_CLICK_BLOCK;pepeeja;DIM:0;-259;75;176;|;-25;7;17
23.03.21 22:20;RIGHT_CLICK_BLOCK;pepeeja;DIM:0;-253;76;181;|;-25;7;18
23.03.21 22:20;RIGHT_CLICK_BLOCK;pepeeja;DIM:0;-248;76;182;|;-24;7;18
23.03.21 22:20;HARVEST_BLOCK;pepeeja;DIM:0;-248;76;182;|;-24;7;18
23.03.21 22:20;RIGHT_CLICK_BLOCK;pepeeja;DIM:0;-246;76;184;|;-24;7;18
23.03.21 22:20;HARVEST_BLOCK;pepeeja;DIM:0;-246;76;184;|;-24;7;18
23.03.21 22:21;RIGHT_CLICK_BLOCK;pepeeja;DIM:0;-246;76;180;|;-24;7;18
23.03.21 22:21;HARVEST_BLOCK;pepeeja;DIM:0;-246;76;180;|;-24;7;18
23.03.21 22:21;RIGHT_CLICK_BLOCK;pepeeja;DIM:0;-247;76;178;|;-24;7;17
23.03.21 22:21;HARVEST_BLOCK;pepeeja;DIM:0;-247;76;178;|;-24;7;17
23.03.21 22:21;RIGHT_CLICK_BLOCK;pepeeja;DIM:0;-248;76;178;|;-24;7;17
23.03.21 22:21;HARVEST_BLOCK;pepeeja;DIM:0;-248;76;178;|;-24;7;17
23.03.21 22:21;RIGHT_CLICK_BLOCK;pepeeja;DIM:0;-248;76;180;|;-24;7;18
23.03.21 22:21;HARVEST_BLOCK;pepeeja;DIM:0;-248;76;180;|;-24;7;18
23.03.21 22:21;RIGHT_CLICK_BLOCK;pepeeja;DIM:0;-250;76;178;|;-25;7;17
23.03.21 22:21;HARVEST_BLOCK;pepeeja;DIM:0;-250;76;178;|;-25;7;17
23.03.21 22:21;RIGHT_CLICK_BLOCK;pepeeja;DIM:0;-252;76;178;|;-25;7;17
23.03.21 22:21;HARVEST_BLOCK;pepeeja;DIM:0;-252;76;178;|;-25;7;17
23.03.21 22:21;RIGHT_CLICK_BLOCK;pepeeja;DIM:0;-251;76;180;|;-25;7;18
23.03.21 22:21;RIGHT_CLICK_BLOCK;pepeeja;DIM:0;-253;76;181;|;-25;7;18
23.03.21 22:21;RIGHT_CLICK_BLOCK;pepeeja;DIM:0;-260;75;186;|;-26;7;18
23.03.21 22:21;RIGHT_CLICK_BLOCK;pepeeja;DIM:0;-259;76;176;|;-25;7;17
23.03.21 22:21;RIGHT_CLICK_BLOCK;pepeeja;DIM:0;-259;75;176;|;-25;7;17
23.03.21 22:21;RIGHT_CLICK_BLOCK;pepeeja;DIM:0;-256;76;176;|;-25;7;17
23.03.21 22:21;RIGHT_CLICK_BLOCK;pepeeja;DIM:0;-257;76;176;|;-25;7;17
23.03.21 22:21;RIGHT_CLICK_BLOCK;pepeeja;DIM:0;-258;76;176;|;-25;7;17
23.03.21 22:21;RIGHT_CLICK_BLOCK;pepeeja;DIM:0;-255;76;190;|;-25;7;19
23.03.21 22:21;RIGHT_CLICK_BLOCK;pepeeja;DIM:0;-262;74;187;|;-26;7;18
23.03.21 22:21;RIGHT_CLICK_BLOCK;pepeeja;DIM:0;-257;72;187;|;-25;7;18
23.03.21 22:21;RIGHT_CLICK_BLOCK;pepeeja;DIM:0;-259;76;176;|;-25;7;17
23.03.21 22:22;RIGHT_CLICK_BLOCK;pepeeja;DIM:0;-259;75;176;|;-25;7;17
23.03.21 22:22;RIGHT_CLICK_BLOCK;pepeeja;DIM:0;-262;74;187;|;-26;7;18
23.03.21 22:22;RIGHT_CLICK_BLOCK;pepeeja;DIM:0;-257;72;187;|;-25;7;18
23.03.21 22:22;RIGHT_CLICK_BLOCK;pepeeja;DIM:0;-254;75;183;|;-25;7;18
23.03.21 22:22;RIGHT_CLICK_BLOCK;pepeeja;DIM:0;-262;74;187;|;-26;7;18
23.03.21 22:22;RIGHT_CLICK_BLOCK;pepeeja;DIM:0;-257;72;187;|;-25;7;18
23.03.21 22:22;RIGHT_CLICK_BLOCK;pepeeja;DIM:0;-254;75;183;|;-25;7;18
23.03.21 22:23;RIGHT_CLICK_BLOCK;pepeeja;DIM:0;-259;75;176;|;-25;7;17
23.03.21 22:23;LEFT_CLICK_BLOCK;pepeeja;DIM:0;-260;77;186;|;-26;7;18
23.03.21 22:23;RIGHT_CLICK_BLOCK;pepeeja;DIM:0;-257;76;176;|;-25;7;17
23.03.21 22:23;RIGHT_CLICK_BLOCK;pepeeja;DIM:0;-258;76;176;|;-25;7;17
23.03.21 22:23;RIGHT_CLICK_BLOCK;pepeeja;DIM:0;-257;76;176;|;-25;7;17
23.03.21 22:23;LEFT_CLICK_BLOCK;pepeeja;DIM:0;-260;77;188;|;-26;7;18
23.03.21 22:23;RIGHT_CLICK_BLOCK;pepeeja;DIM:0;-257;76;176;|;-25;7;17
23.03.21 22:23;RIGHT_CLICK_BLOCK;pepeeja;DIM:0;-259;76;176;|;-25;7;17
23.03.21 22:23;RIGHT_CLICK_BLOCK;pepeeja;DIM:0;-258;76;176;|;-25;7;17
23.03.21 22:23;RIGHT_CLICK_BLOCK;pepeeja;DIM:0;-257;72;187;|;-25;7;18
23.03.21 22:23;RIGHT_CLICK_BLOCK;pepeeja;DIM:0;-257;71;187;|;-25;7;18
23.03.21 22:23;RIGHT_CLICK_BLOCK;pepeeja;DIM:0;-254;75;185;|;-25;7;18
23.03.21 22:23;RIGHT_CLICK_BLOCK;pepeeja;DIM:0;-254;76;185;|;-25;7;18
23.03.21 22:23;RIGHT_CLICK_BLOCK;pepeeja;DIM:0;-254;75;183;|;-25;7;18
23.03.21 22:24;RIGHT_CLICK_BLOCK;pepeeja;DIM:0;-257;72;187;|;-25;7;18
23.03.21 22:24;RIGHT_CLICK_BLOCK;pepeeja;DIM:0;-257;72;187;|;-25;7;18
23.03.21 22:25;RIGHT_CLICK_BLOCK;pepeeja;DIM:0;-258;76;176;|;-25;7;17
23.03.21 22:25;RIGHT_CLICK_BLOCK;pepeeja;DIM:0;-258;75;176;|;-25;7;17
23.03.21 22:25;RIGHT_CLICK_BLOCK;pepeeja;DIM:0;-259;76;176;|;-25;7;17
23.03.21 22:25;RIGHT_CLICK_BLOCK;pepeeja;DIM:0;-259;75;176;|;-25;7;17
23.03.21 22:25;RIGHT_CLICK_BLOCK;pepeeja;DIM:0;-258;75;176;|;-25;7;17
23.03.21 22:25;RIGHT_CLICK_BLOCK;pepeeja;DIM:0;-260;76;186;|;-26;7;18
23.03.21 22:25;RIGHT_CLICK_BLOCK;pepeeja;DIM:0;-260;76;185;|;-26;7;18
23.03.21 22:26;RIGHT_CLICK_BLOCK;pepeeja;DIM:0;-257;72;187;|;-25;7;18
23.03.21 22:26;RIGHT_CLICK_BLOCK;pepeeja;DIM:0;-257;71;187;|;-25;7;18
23.03.21 22:26;RIGHT_CLICK_BLOCK;pepeeja;DIM:0;-257;76;176;|;-25;7;17
23.03.21 22:26;RIGHT_CLICK_BLOCK;pepeeja;DIM:0;-257;72;187;|;-25;7;18
23.03.21 22:26;RIGHT_CLICK_BLOCK;pepeeja;DIM:0;-257;72;187;|;-25;7;18
23.03.21 22:27;RIGHT_CLICK_BLOCK;pepeeja;DIM:0;-257;72;187;|;-25;7;18
23.03.21 22:27;RIGHT_CLICK_BLOCK;pepeeja;DIM:0;-250;69;185;|;-25;6;18
23.03.21 22:27;RIGHT_CLICK_BLOCK;pepeeja;DIM:0;-250;70;185;|;-25;7;18
23.03.21 22:27;RIGHT_CLICK_BLOCK;pepeeja;DIM:0;-250;69;184;|;-25;6;18
23.03.21 22:27;RIGHT_CLICK_BLOCK;pepeeja;DIM:0;-250;70;184;|;-25;7;18
23.03.21 22:27;RIGHT_CLICK_BLOCK;pepeeja;DIM:0;-250;69;183;|;-25;6;18
23.03.21 22:27;RIGHT_CLICK_BLOCK;pepeeja;DIM:0;-250;70;183;|;-25;7;18
23.03.21 22:27;RIGHT_CLICK_BLOCK;pepeeja;DIM:0;-248;71;185;|;-24;7;18
23.03.21 22:27;RIGHT_CLICK_BLOCK;pepeeja;DIM:0;-249;70;184;|;-24;7;18
23.03.21 22:27;RIGHT_CLICK_BLOCK;pepeeja;DIM:0;-248;71;183;|;-24;7;18
23.03.21 22:27;RIGHT_CLICK_BLOCK;pepeeja;DIM:0;-250;70;186;|;-25;7;18
23.03.21 22:27;RIGHT_CLICK_BLOCK;pepeeja;DIM:0;-251;71;187;|;-25;7;18
23.03.21 22:27;RIGHT_CLICK_BLOCK;pepeeja;DIM:0;-252;70;184;|;-25;7;18
23.03.21 22:27;LEFT_CLICK_BLOCK;pepeeja;DIM:0;-252;71;185;|;-25;7;18
23.03.21 22:27;HARVEST_BLOCK;pepeeja;DIM:0;-252;71;185;|;-25;7;18
23.03.21 22:27;RIGHT_CLICK_BLOCK;pepeeja;DIM:0;-252;70;185;|;-25;7;18
23.03.21 22:27;RIGHT_CLICK_BLOCK;pepeeja;DIM:0;-252;71;184;|;-25;7;18
23.03.21 22:28;LEFT_CLICK_BLOCK;pepeeja;DIM:0;-251;72;181;|;-25;7;18
23.03.21 22:28;LEFT_CLICK_BLOCK;pepeeja;DIM:0;-251;71;181;|;-25;7;18
23.03.21 22:28;LEFT_CLICK_BLOCK;pepeeja;DIM:0;-252;72;181;|;-25;7;18
23.03.21 22:28;LEFT_CLICK_BLOCK;pepeeja;DIM:0;-252;71;181;|;-25;7;18
23.03.21 22:28;LEFT_CLICK_BLOCK;pepeeja;DIM:0;-250;71;181;|;-25;7;18
23.03.21 22:28;LEFT_CLICK_BLOCK;pepeeja;DIM:0;-250;72;181;|;-25;7;18
23.03.21 22:28;LEFT_CLICK_BLOCK;pepeeja;DIM:0;-250;71;181;|;-25;7;18
23.03.21 22:28;LEFT_CLICK_BLOCK;pepeeja;DIM:0;-249;71;181;|;-24;7;18
23.03.21 22:28;LEFT_CLICK_BLOCK;pepeeja;DIM:0;-249;72;181;|;-24;7;18
23.03.21 22:28;RIGHT_CLICK_BLOCK;pepeeja;DIM:0;-250;70;182;|;-25;7;18
23.03.21 22:28;RIGHT_CLICK_BLOCK;pepeeja;DIM:0;-251;70;182;|;-25;7;18
23.03.21 22:28;RIGHT_CLICK_BLOCK;pepeeja;DIM:0;-252;70;183;|;-25;7;18
23.03.21 22:28;RIGHT_CLICK_BLOCK;pepeeja;DIM:0;-252;71;184;|;-25;7;18
23.03.21 22:28;LEFT_CLICK_BLOCK;pepeeja;DIM:0;-253;72;182;|;-25;7;18
23.03.21 22:28;LEFT_CLICK_BLOCK;pepeeja;DIM:0;-253;71;182;|;-25;7;18
23.03.21 22:28;LEFT_CLICK_BLOCK;pepeeja;DIM:0;-253;71;181;|;-25;7;18
23.03.21 22:28;LEFT_CLICK_BLOCK;pepeeja;DIM:0;-253;72;181;|;-25;7;18
23.03.21 22:28;LEFT_CLICK_BLOCK;pepeeja;DIM:0;-253;71;181;|;-25;7;18
23.03.21 22:28;RIGHT_CLICK_BLOCK;pepeeja;DIM:0;-252;71;184;|;-25;7;18
23.03.21 22:28;LEFT_CLICK_BLOCK;pepeeja;DIM:0;-253;73;182;|;-25;7;18
23.03.21 22:28;HARVEST_BLOCK;pepeeja;DIM:0;-253;73;182;|;-25;7;18
23.03.21 22:28;LEFT_CLICK_BLOCK;pepeeja;DIM:0;-253;73;181;|;-25;7;18
23.03.21 22:28;HARVEST_BLOCK;pepeeja;DIM:0;-253;73;181;|;-25;7;18
23.03.21 22:28;LEFT_CLICK_BLOCK;pepeeja;DIM:0;-252;73;181;|;-25;7;18
23.03.21 22:28;HARVEST_BLOCK;pepeeja;DIM:0;-252;73;181;|;-25;7;18
23.03.21 22:28;LEFT_CLICK_BLOCK;pepeeja;DIM:0;-251;73;181;|;-25;7;18
23.03.21 22:28;HARVEST_BLOCK;pepeeja;DIM:0;-251;73;181;|;-25;7;18
23.03.21 22:28;LEFT_CLICK_BLOCK;pepeeja;DIM:0;-250;73;181;|;-25;7;18
23.03.21 22:28;HARVEST_BLOCK;pepeeja;DIM:0;-250;73;181;|;-25;7;18
23.03.21 22:28;LEFT_CLICK_BLOCK;pepeeja;DIM:0;-249;73;181;|;-24;7;18
23.03.21 22:28;HARVEST_BLOCK;pepeeja;DIM:0;-249;73;181;|;-24;7;18
23.03.21 22:28;RIGHT_CLICK_BLOCK;pepeeja;DIM:0;-250;71;182;|;-25;7;18
23.03.21 22:29;RIGHT_CLICK_BLOCK;pepeeja;DIM:0;-251;71;182;|;-25;7;18
23.03.21 22:29;LEFT_CLICK_BLOCK;pepeeja;DIM:0;-252;70;181;|;-25;7;18
23.03.21 22:29;HARVEST_BLOCK;pepeeja;DIM:0;-252;70;181;|;-25;7;18
23.03.21 22:29;LEFT_CLICK_BLOCK;pepeeja;DIM:0;-252;71;180;|;-25;7;18
23.03.21 22:29;HARVEST_BLOCK;pepeeja;DIM:0;-252;71;180;|;-25;7;18
23.03.21 22:29;LEFT_CLICK_BLOCK;pepeeja;DIM:0;-252;70;180;|;-25;7;18
23.03.21 22:29;HARVEST_BLOCK;pepeeja;DIM:0;-252;70;180;|;-25;7;18
23.03.21 22:29;LEFT_CLICK_BLOCK;pepeeja;DIM:0;-251;71;180;|;-25;7;18
23.03.21 22:29;HARVEST_BLOCK;pepeeja;DIM:0;-251;71;180;|;-25;7;18
23.03.21 22:29;LEFT_CLICK_BLOCK;pepeeja;DIM:0;-251;70;180;|;-25;7;18
23.03.21 22:29;HARVEST_BLOCK;pepeeja;DIM:0;-251;70;180;|;-25;7;18
23.03.21 22:29;LEFT_CLICK_BLOCK;pepeeja;DIM:0;-250;71;180;|;-25;7;18
23.03.21 22:29;HARVEST_BLOCK;pepeeja;DIM:0;-250;71;180;|;-25;7;18
23.03.21 22:29;LEFT_CLICK_BLOCK;pepeeja;DIM:0;-250;70;180;|;-25;7;18
23.03.21 22:29;HARVEST_BLOCK;pepeeja;DIM:0;-250;70;180;|;-25;7;18
23.03.21 22:29;LEFT_CLICK_BLOCK;pepeeja;DIM:0;-250;70;181;|;-25;7;18
23.03.21 22:29;HARVEST_BLOCK;pepeeja;DIM:0;-250;70;181;|;-25;7;18
23.03.21 22:29;LEFT_CLICK_BLOCK;pepeeja;DIM:0;-251;70;181;|;-25;7;18
23.03.21 22:29;HARVEST_BLOCK;pepeeja;DIM:0;-251;70;181;|;-25;7;18
23.03.21 22:29;RIGHT_CLICK_BLOCK;pepeeja;DIM:0;-250;69;181;|;-25;6;18
23.03.21 22:29;RIGHT_CLICK_BLOCK;pepeeja;DIM:0;-250;69;180;|;-25;6;18
23.03.21 22:29;RIGHT_CLICK_BLOCK;pepeeja;DIM:0;-260;75;187;|;-26;7;18
23.03.21 22:29;RIGHT_CLICK_BLOCK;pepeeja;DIM:0;-259;76;176;|;-25;7;17
23.03.21 22:29;RIGHT_CLICK_BLOCK;pepeeja;DIM:0;-259;75;176;|;-25;7;17
23.03.21 22:30;RIGHT_CLICK_BLOCK;pepeeja;DIM:0;-257;76;176;|;-25;7;17
23.03.21 22:31;RIGHT_CLICK_BLOCK;pepeeja;DIM:0;-258;76;176;|;-25;7;17
23.03.21 22:31;RIGHT_CLICK_BLOCK;pepeeja;DIM:0;-259;76;176;|;-25;7;17
23.03.21 22:31;RIGHT_CLICK_BLOCK;pepeeja;DIM:0;-259;75;176;|;-25;7;17
23.03.21 22:31;LEFT_CLICK_BLOCK;pepeeja;DIM:0;-260;75;188;|;-26;7;18
23.03.21 22:31;RIGHT_CLICK_BLOCK;pepeeja;DIM:0;-257;76;176;|;-25;7;17
23.03.21 22:31;RIGHT_CLICK_BLOCK;pepeeja;DIM:0;-257;76;176;|;-25;7;17
23.03.21 22:31;RIGHT_CLICK_BLOCK;pepeeja;DIM:0;-258;75;176;|;-25;7;17
23.03.21 22:31;RIGHT_CLICK_BLOCK;pepeeja;DIM:0;-260;75;176;|;-26;7;17
23.03.21 22:31;RIGHT_CLICK_BLOCK;pepeeja;DIM:0;-258;75;176;|;-25;7;17
23.03.21 22:31;RIGHT_CLICK_BLOCK;pepeeja;DIM:0;-257;76;176;|;-25;7;17
23.03.21 22:31;RIGHT_CLICK_BLOCK;pepeeja;DIM:0;-259;76;176;|;-25;7;17
23.03.21 22:31;RIGHT_CLICK_BLOCK;pepeeja;DIM:0;-259;75;176;|;-25;7;17
23.03.21 22:31;RIGHT_CLICK_BLOCK;pepeeja;DIM:0;-254;75;185;|;-25;7;18
23.03.21 22:31;RIGHT_CLICK_BLOCK;pepeeja;DIM:0;-254;75;183;|;-25;7;18
23.03.21 22:31;RIGHT_CLICK_BLOCK;pepeeja;DIM:0;-254;75;185;|;-25;7;18
23.03.21 22:31;RIGHT_CLICK_BLOCK;pepeeja;DIM:0;-253;75;182;|;-25;7;18
23.03.21 22:32;RIGHT_CLICK_BLOCK;pepeeja;DIM:0;-253;75;182;|;-25;7;18
23.03.21 22:32;RIGHT_CLICK_BLOCK;pepeeja;DIM:0;-254;75;183;|;-25;7;18
23.03.21 22:32;RIGHT_CLICK_BLOCK;pepeeja;DIM:0;-258;76;176;|;-25;7;17
23.03.21 22:32;RIGHT_CLICK_BLOCK;pepeeja;DIM:0;-255;76;190;|;-25;7;19
23.03.21 22:32;RIGHT_CLICK_BLOCK;pepeeja;DIM:0;-258;76;176;|;-25;7;17
23.03.21 22:32;RIGHT_CLICK_BLOCK;pepeeja;DIM:0;-258;75;176;|;-25;7;17
23.03.21 22:32;RIGHT_CLICK_BLOCK;pepeeja;DIM:0;-257;76;176;|;-25;7;17
23.03.21 22:32;LEFT_CLICK_BLOCK;pepeeja;DIM:0;-260;77;186;|;-26;7;18
23.03.21 22:32;RIGHT_CLICK_BLOCK;pepeeja;DIM:0;-257;76;176;|;-25;7;17
23.03.21 22:32;RIGHT_CLICK_BLOCK;pepeeja;DIM:0;-258;76;176;|;-25;7;17
23.03.21 22:33;RIGHT_CLICK_BLOCK;pepeeja;DIM:0;-257;76;176;|;-25;7;17
23.03.21 22:33;LEFT_CLICK_BLOCK;pepeeja;DIM:0;-260;77;188;|;-26;7;18
23.03.21 22:33;RIGHT_CLICK_BLOCK;pepeeja;DIM:0;-257;76;176;|;-25;7;17
23.03.21 22:33;RIGHT_CLICK_BLOCK;pepeeja;DIM:0;-257;75;176;|;-25;7;17
23.03.21 22:33;RIGHT_CLICK_BLOCK;pepeeja;DIM:0;-257;76;176;|;-25;7;17
23.03.21 22:33;RIGHT_CLICK_BLOCK;pepeeja;DIM:0;-257;75;176;|;-25;7;17
23.03.21 22:33;RIGHT_CLICK_BLOCK;pepeeja;DIM:0;-258;76;176;|;-25;7;17
23.03.21 22:33;RIGHT_CLICK_BLOCK;pepeeja;DIM:0;-253;76;181;|;-25;7;18
23.03.21 22:33;RIGHT_CLICK_BLOCK;pepeeja;DIM:0;-253;76;181;|;-25;7;18
23.03.21 22:33;RIGHT_CLICK_BLOCK;pepeeja;DIM:0;-255;75;175;|;-25;7;17
23.03.21 22:33;RIGHT_CLICK_BLOCK;pepeeja;DIM:0;-255;76;175;|;-25;7;17
23.03.21 22:34;RIGHT_CLICK_BLOCK;pepeeja;DIM:0;-257;74;185;|;-25;7;18
23.03.21 22:34;RIGHT_CLICK_BLOCK;pepeeja;DIM:0;-257;74;185;|;-25;7;18
23.03.21 22:34;RIGHT_CLICK_BLOCK;pepeeja;DIM:0;-256;74;186;|;-25;7;18
23.03.21 22:34;RIGHT_CLICK_BLOCK;pepeeja;DIM:0;-256;74;186;|;-25;7;18
23.03.21 22:34;RIGHT_CLICK_BLOCK;pepeeja;DIM:0;-258;76;176;|;-25;7;17
23.03.21 22:34;RIGHT_CLICK_BLOCK;pepeeja;DIM:0;-259;76;176;|;-25;7;17
23.03.21 22:34;RIGHT_CLICK_BLOCK;pepeeja;DIM:0;-259;75;176;|;-25;7;17
23.03.21 22:34;RIGHT_CLICK_BLOCK;pepeeja;DIM:0;-258;76;176;|;-25;7;17
23.03.21 22:34;RIGHT_CLICK_BLOCK;pepeeja;DIM:0;-256;76;176;|;-25;7;17
23.03.21 22:34;RIGHT_CLICK_BLOCK;pepeeja;DIM:0;-257;76;176;|;-25;7;17
23.03.21 22:34;RIGHT_CLICK_BLOCK;pepeeja;DIM:0;-257;75;176;|;-25;7;17
23.03.21 22:34;RIGHT_CLICK_BLOCK;pepeeja;DIM:0;-257;76;176;|;-25;7;17
23.03.21 22:35;RIGHT_CLICK_BLOCK;pepeeja;DIM:0;-257;76;176;|;-25;7;17
23.03.21 22:35;RIGHT_CLICK_BLOCK;pepeeja;DIM:0;-257;75;176;|;-25;7;17
23.03.21 22:35;RIGHT_CLICK_BLOCK;pepeeja;DIM:0;-258;76;176;|;-25;7;17
23.03.21 22:35;RIGHT_CLICK_BLOCK;pepeeja;DIM:0;-258;75;176;|;-25;7;17
23.03.21 22:35;RIGHT_CLICK_BLOCK;pepeeja;DIM:0;-257;75;176;|;-25;7;17
23.03.21 22:35;RIGHT_CLICK_BLOCK;pepeeja;DIM:0;-257;76;176;|;-25;7;17
23.03.21 22:35;RIGHT_CLICK_BLOCK;pepeeja;DIM:0;-262;74;187;|;-26;7;18
23.03.21 22:35;RIGHT_CLICK_BLOCK;pepeeja;DIM:0;-259;76;189;|;-25;7;18
23.03.21 22:36;RIGHT_CLICK_BLOCK;pepeeja;DIM:0;-264;78;186;|;-26;7;18
23.03.21 22:36;RIGHT_CLICK_BLOCK;pepeeja;DIM:0;-265;78;184;|;-26;7;18
23.03.21 22:36;RIGHT_CLICK_BLOCK;pepeeja;DIM:0;-267;78;185;|;-26;7;18
23.03.21 22:36;RIGHT_CLICK_BLOCK;pepeeja;DIM:0;-268;79;186;|;-26;7;18
23.03.21 22:36;RIGHT_CLICK_BLOCK;pepeeja;DIM:0;-266;78;183;|;-26;7;18
23.03.21 22:36;RIGHT_CLICK_BLOCK;pepeeja;DIM:0;-266;78;182;|;-26;7;18
23.03.21 22:36;RIGHT_CLICK_BLOCK;pepeeja;DIM:0;-265;78;193;|;-26;7;19
23.03.21 22:36;RIGHT_CLICK_BLOCK;pepeeja;DIM:0;-259;76;189;|;-25;7;18
23.03.21 22:36;RIGHT_CLICK_BLOCK;pepeeja;DIM:0;-259;76;176;|;-25;7;17
23.03.21 22:36;RIGHT_CLICK_BLOCK;pepeeja;DIM:0;-258;76;176;|;-25;7;17
23.03.21 22:36;RIGHT_CLICK_BLOCK;pepeeja;DIM:0;-257;76;176;|;-25;7;17
23.03.21 22:36;RIGHT_CLICK_BLOCK;pepeeja;DIM:0;-257;75;176;|;-25;7;17
23.03.21 22:36;RIGHT_CLICK_BLOCK;pepeeja;DIM:0;-258;76;176;|;-25;7;17
23.03.21 22:36;RIGHT_CLICK_BLOCK;pepeeja;DIM:0;-259;76;176;|;-25;7;17
23.03.21 22:36;RIGHT_CLICK_BLOCK;pepeeja;DIM:0;-259;75;176;|;-25;7;17
23.03.21 22:36;RIGHT_CLICK_BLOCK;pepeeja;DIM:0;-256;76;176;|;-25;7;17
23.03.21 22:37;RIGHT_CLICK_BLOCK;pepeeja;DIM:0;-260;75;180;|;-26;7;18
23.03.21 22:37;RIGHT_CLICK_BLOCK;pepeeja;DIM:0;-260;76;185;|;-26;7;18
23.03.21 22:37;RIGHT_CLICK_BLOCK;pepeeja;DIM:0;-256;76;176;|;-25;7;17
23.03.21 22:37;RIGHT_CLICK_BLOCK;pepeeja;DIM:0;-256;75;176;|;-25;7;17
23.03.21 22:42;RIGHT_CLICK_BLOCK;pepeeja;DIM:0;-257;76;176;|;-25;7;17
23.03.21 22:42;RIGHT_CLICK_BLOCK;pepeeja;DIM:0;-256;76;176;|;-25;7;17
23.03.21 22:42;RIGHT_CLICK_BLOCK;pepeeja;DIM:0;-259;76;176;|;-25;7;17
23.03.21 22:43;RIGHT_CLICK_BLOCK;pepeeja;DIM:0;-259;74;177;|;-25;7;17
23.03.21 22:43;RIGHT_CLICK_BLOCK;pepeeja;DIM:0;-259;75;176;|;-25;7;17
23.03.21 22:43;RIGHT_CLICK_BLOCK;pepeeja;DIM:0;-257;76;176;|;-25;7;17
23.03.21 22:43;RIGHT_CLICK_BLOCK;pepeeja;DIM:0;-258;76;176;|;-25;7;17
23.03.21 22:43;RIGHT_CLICK_BLOCK;pepeeja;DIM:0;-257;76;176;|;-25;7;17
23.03.21 22:43;RIGHT_CLICK_BLOCK;pepeeja;DIM:0;-259;75;176;|;-25;7;17
23.03.21 22:43;RIGHT_CLICK_BLOCK;pepeeja;DIM:0;-256;76;176;|;-25;7;17
23.03.21 22:43;RIGHT_CLICK_BLOCK;pepeeja;DIM:0;-257;76;176;|;-25;7;17
23.03.21 22:43;RIGHT_CLICK_BLOCK;pepeeja;DIM:0;-257;75;176;|;-25;7;17
23.03.21 22:43;RIGHT_CLICK_BLOCK;pepeeja;DIM:0;-257;76;176;|;-25;7;17
23.03.21 22:43;RIGHT_CLICK_BLOCK;pepeeja;DIM:0;-257;75;176;|;-25;7;17
23.03.21 22:43;RIGHT_CLICK_BLOCK;pepeeja;DIM:0;-257;76;176;|;-25;7;17
23.03.21 22:43;RIGHT_CLICK_BLOCK;pepeeja;DIM:0;-257;75;176;|;-25;7;17
23.03.21 22:43;RIGHT_CLICK_BLOCK;pepeeja;DIM:0;-257;76;176;|;-25;7;17
23.03.21 22:44;RIGHT_CLICK_BLOCK;pepeeja;DIM:0;-257;76;176;|;-25;7;17
23.03.21 22:44;RIGHT_CLICK_BLOCK;pepeeja;DIM:0;-257;76;176;|;-25;7;17
